[2026-03-07T22:43:43.749+0000] {local_task_job_runner.py:120} INFO - ::group::Pre task execution logs
[2026-03-07T22:43:43.764+0000] {taskinstance.py:2076} INFO - Dependencies all met for dep_context=non-requeueable deps ti=<TaskInstance: sip_and_tint_pipeline.wait_for_glue manual__2026-03-07T21:04:28.066688+00:00 [queued]>
[2026-03-07T22:43:43.768+0000] {taskinstance.py:2076} INFO - Dependencies all met for dep_context=requeueable deps ti=<TaskInstance: sip_and_tint_pipeline.wait_for_glue manual__2026-03-07T21:04:28.066688+00:00 [queued]>
[2026-03-07T22:43:43.768+0000] {taskinstance.py:2306} INFO - Starting attempt 3 of 4
[2026-03-07T22:43:43.778+0000] {taskinstance.py:2330} INFO - Executing <Task(GlueJobSensor): wait_for_glue> on 2026-03-07 21:04:28.066688+00:00
[2026-03-07T22:43:43.789+0000] {standard_task_runner.py:90} INFO - Running: ['***', 'tasks', 'run', 'sip_and_tint_pipeline', 'wait_for_glue', 'manual__2026-03-07T21:04:28.066688+00:00', '--job-id', '25', '--raw', '--subdir', 'DAGS_FOLDER/sip_and_tint_pipeline.py', '--cfg-path', '/tmp/tmpnmigxbal']
[2026-03-07T22:43:43.793+0000] {standard_task_runner.py:91} INFO - Job 25: Subtask wait_for_glue
[2026-03-07T22:43:43.787+0000] {standard_task_runner.py:63} INFO - Started process 1343 to run task
[2026-03-07T22:43:43.886+0000] {task_command.py:426} INFO - Running <TaskInstance: sip_and_tint_pipeline.wait_for_glue manual__2026-03-07T21:04:28.066688+00:00 [running]> on host dedfdfe9c2f3
[2026-03-07T22:43:43.965+0000] {taskinstance.py:2648} INFO - Exporting env vars: AIRFLOW_CTX_DAG_OWNER='sip-and-tint' AIRFLOW_CTX_DAG_ID='sip_and_tint_pipeline' AIRFLOW_CTX_TASK_ID='wait_for_glue' AIRFLOW_CTX_EXECUTION_DATE='2026-03-07T21:04:28.066688+00:00' AIRFLOW_CTX_TRY_NUMBER='3' AIRFLOW_CTX_DAG_RUN_ID='manual__2026-03-07T21:04:28.066688+00:00'
[2026-03-07T22:43:43.966+0000] {taskinstance.py:430} INFO - ::endgroup::
[2026-03-07T22:43:44.002+0000] {glue.py:71} INFO - Poking for job run status :for Glue Job beauty-boba-dev-bronze-to-silver and ID jr_83ae5456ee515098e73b8cc6f27a1adb3bdfcfce9f2534e3b461f4d92cd126bb
[2026-03-07T22:43:44.016+0000] {base.py:84} INFO - Using connection ID 'aws_default' for task execution.
[2026-03-07T22:43:44.017+0000] {connection_wrapper.py:384} INFO - AWS Connection (conn_id='aws_default', conn_type='aws') credentials retrieved from login and password.
[2026-03-07T22:43:46.175+0000] {glue.py:80} INFO - ('Exiting Job %s Run State: %s', 'jr_83ae5456ee515098e73b8cc6f27a1adb3bdfcfce9f2534e3b461f4d92cd126bb', 'FAILED')
[2026-03-07T22:43:46.178+0000] {taskinstance.py:441} INFO - ::group::Post task execution logs
[2026-03-07T22:43:46.200+0000] {taskinstance.py:2905} ERROR - Task failed with exception
Traceback (most recent call last):
  File "/home/airflow/.local/lib/python3.11/site-packages/airflow/models/taskinstance.py", line 465, in _execute_task
    result = _execute_callable(context=context, **execute_callable_kwargs)
             ^^^^^^^^^^^^^^^^^^^^^^^^^^^^^^^^^^^^^^^^^^^^^^^^^^^^^^^^^^^^^
  File "/home/airflow/.local/lib/python3.11/site-packages/airflow/models/taskinstance.py", line 432, in _execute_callable
    return execute_callable(context=context, **execute_callable_kwargs)
           ^^^^^^^^^^^^^^^^^^^^^^^^^^^^^^^^^^^^^^^^^^^^^^^^^^^^^^^^^^^^
  File "/home/airflow/.local/lib/python3.11/site-packages/airflow/models/baseoperator.py", line 400, in wrapper
    return func(self, *args, **kwargs)
           ^^^^^^^^^^^^^^^^^^^^^^^^^^^
  File "/home/airflow/.local/lib/python3.11/site-packages/airflow/sensors/base.py", line 264, in execute
    raise e
  File "/home/airflow/.local/lib/python3.11/site-packages/airflow/sensors/base.py", line 246, in execute
    poke_return = self.poke(context)
                  ^^^^^^^^^^^^^^^^^^
  File "/home/airflow/.local/lib/python3.11/site-packages/airflow/providers/amazon/aws/sensors/glue.py", line 84, in poke
    raise AirflowException(job_error_message)
airflow.exceptions.AirflowException: ('Exiting Job %s Run State: %s', 'jr_83ae5456ee515098e73b8cc6f27a1adb3bdfcfce9f2534e3b461f4d92cd126bb', 'FAILED')
[2026-03-07T22:43:46.208+0000] {taskinstance.py:1206} INFO - Marking task as UP_FOR_RETRY. dag_id=sip_and_tint_pipeline, task_id=wait_for_glue, run_id=manual__2026-03-07T21:04:28.066688+00:00, execution_date=20260307T210428, start_date=20260307T224343, end_date=20260307T224346
[2026-03-07T22:43:46.228+0000] {standard_task_runner.py:110} ERROR - Failed to execute job 25 for task wait_for_glue (('Exiting Job %s Run State: %s', 'jr_83ae5456ee515098e73b8cc6f27a1adb3bdfcfce9f2534e3b461f4d92cd126bb', 'FAILED'); 1343)
[2026-03-07T22:43:46.264+0000] {local_task_job_runner.py:240} INFO - Task exited with return code 1
[2026-03-07T22:43:46.308+0000] {taskinstance.py:3498} INFO - 0 downstream tasks scheduled from follow-on schedule check
[2026-03-07T22:43:46.309+0000] {local_task_job_runner.py:222} INFO - ::endgroup::
