[2026-03-07T22:25:04.293+0000] {local_task_job_runner.py:120} INFO - ::group::Pre task execution logs
[2026-03-07T22:25:04.302+0000] {taskinstance.py:2076} INFO - Dependencies all met for dep_context=non-requeueable deps ti=<TaskInstance: sip_and_tint_pipeline.wait_for_glue manual__2026-03-07T21:04:28.066688+00:00 [queued]>
[2026-03-07T22:25:04.306+0000] {taskinstance.py:2076} INFO - Dependencies all met for dep_context=requeueable deps ti=<TaskInstance: sip_and_tint_pipeline.wait_for_glue manual__2026-03-07T21:04:28.066688+00:00 [queued]>
[2026-03-07T22:25:04.306+0000] {taskinstance.py:2306} INFO - Starting attempt 2 of 2
[2026-03-07T22:25:04.312+0000] {taskinstance.py:2330} INFO - Executing <Task(GlueJobSensor): wait_for_glue> on 2026-03-07 21:04:28.066688+00:00
[2026-03-07T22:25:04.317+0000] {standard_task_runner.py:63} INFO - Started process 1154 to run task
[2026-03-07T22:25:04.325+0000] {standard_task_runner.py:90} INFO - Running: ['***', 'tasks', 'run', 'sip_and_tint_pipeline', 'wait_for_glue', 'manual__2026-03-07T21:04:28.066688+00:00', '--job-id', '23', '--raw', '--subdir', 'DAGS_FOLDER/sip_and_tint_pipeline.py', '--cfg-path', '/tmp/tmprymghmrq']
[2026-03-07T22:25:04.327+0000] {standard_task_runner.py:91} INFO - Job 23: Subtask wait_for_glue
[2026-03-07T22:25:04.439+0000] {task_command.py:426} INFO - Running <TaskInstance: sip_and_tint_pipeline.wait_for_glue manual__2026-03-07T21:04:28.066688+00:00 [running]> on host dedfdfe9c2f3
[2026-03-07T22:25:04.548+0000] {taskinstance.py:2648} INFO - Exporting env vars: AIRFLOW_CTX_DAG_OWNER='sip-and-tint' AIRFLOW_CTX_DAG_ID='sip_and_tint_pipeline' AIRFLOW_CTX_TASK_ID='wait_for_glue' AIRFLOW_CTX_EXECUTION_DATE='2026-03-07T21:04:28.066688+00:00' AIRFLOW_CTX_TRY_NUMBER='2' AIRFLOW_CTX_DAG_RUN_ID='manual__2026-03-07T21:04:28.066688+00:00'
[2026-03-07T22:25:04.549+0000] {taskinstance.py:430} INFO - ::endgroup::
[2026-03-07T22:25:04.575+0000] {glue.py:71} INFO - Poking for job run status :for Glue Job beauty-boba-dev-bronze-to-silver and ID jr_83ae5456ee515098e73b8cc6f27a1adb3bdfcfce9f2534e3b461f4d92cd126bb
[2026-03-07T22:25:04.582+0000] {base.py:84} INFO - Using connection ID 'aws_default' for task execution.
[2026-03-07T22:25:04.583+0000] {connection_wrapper.py:384} INFO - AWS Connection (conn_id='aws_default', conn_type='aws') credentials retrieved from login and password.
[2026-03-07T22:25:05.169+0000] {glue.py:80} INFO - ('Exiting Job %s Run State: %s', 'jr_83ae5456ee515098e73b8cc6f27a1adb3bdfcfce9f2534e3b461f4d92cd126bb', 'FAILED')
[2026-03-07T22:25:05.170+0000] {taskinstance.py:441} INFO - ::group::Post task execution logs
[2026-03-07T22:25:05.177+0000] {taskinstance.py:2905} ERROR - Task failed with exception
Traceback (most recent call last):
  File "/home/airflow/.local/lib/python3.11/site-packages/airflow/models/taskinstance.py", line 465, in _execute_task
    result = _execute_callable(context=context, **execute_callable_kwargs)
             ^^^^^^^^^^^^^^^^^^^^^^^^^^^^^^^^^^^^^^^^^^^^^^^^^^^^^^^^^^^^^
  File "/home/airflow/.local/lib/python3.11/site-packages/airflow/models/taskinstance.py", line 432, in _execute_callable
    return execute_callable(context=context, **execute_callable_kwargs)
           ^^^^^^^^^^^^^^^^^^^^^^^^^^^^^^^^^^^^^^^^^^^^^^^^^^^^^^^^^^^^
  File "/home/airflow/.local/lib/python3.11/site-packages/airflow/models/baseoperator.py", line 400, in wrapper
    return func(self, *args, **kwargs)
           ^^^^^^^^^^^^^^^^^^^^^^^^^^^
  File "/home/airflow/.local/lib/python3.11/site-packages/airflow/sensors/base.py", line 264, in execute
    raise e
  File "/home/airflow/.local/lib/python3.11/site-packages/airflow/sensors/base.py", line 246, in execute
    poke_return = self.poke(context)
                  ^^^^^^^^^^^^^^^^^^
  File "/home/airflow/.local/lib/python3.11/site-packages/airflow/providers/amazon/aws/sensors/glue.py", line 84, in poke
    raise AirflowException(job_error_message)
airflow.exceptions.AirflowException: ('Exiting Job %s Run State: %s', 'jr_83ae5456ee515098e73b8cc6f27a1adb3bdfcfce9f2534e3b461f4d92cd126bb', 'FAILED')
[2026-03-07T22:25:05.179+0000] {taskinstance.py:1206} INFO - Marking task as FAILED. dag_id=sip_and_tint_pipeline, task_id=wait_for_glue, run_id=manual__2026-03-07T21:04:28.066688+00:00, execution_date=20260307T210428, start_date=20260307T222504, end_date=20260307T222505
[2026-03-07T22:25:05.184+0000] {standard_task_runner.py:110} ERROR - Failed to execute job 23 for task wait_for_glue (('Exiting Job %s Run State: %s', 'jr_83ae5456ee515098e73b8cc6f27a1adb3bdfcfce9f2534e3b461f4d92cd126bb', 'FAILED'); 1154)
[2026-03-07T22:25:05.227+0000] {local_task_job_runner.py:240} INFO - Task exited with return code 1
[2026-03-07T22:25:05.243+0000] {taskinstance.py:3498} INFO - 0 downstream tasks scheduled from follow-on schedule check
[2026-03-07T22:25:05.246+0000] {local_task_job_runner.py:222} INFO - ::endgroup::
