[2026-03-07T22:54:48.970+0000] {local_task_job_runner.py:120} INFO - ::group::Pre task execution logs
[2026-03-07T22:54:48.980+0000] {taskinstance.py:2076} INFO - Dependencies all met for dep_context=non-requeueable deps ti=<TaskInstance: sip_and_tint_pipeline.wait_for_glue manual__2026-03-07T21:04:28.066688+00:00 [queued]>
[2026-03-07T22:54:48.983+0000] {taskinstance.py:2076} INFO - Dependencies all met for dep_context=requeueable deps ti=<TaskInstance: sip_and_tint_pipeline.wait_for_glue manual__2026-03-07T21:04:28.066688+00:00 [queued]>
[2026-03-07T22:54:48.983+0000] {taskinstance.py:2306} INFO - Starting attempt 5 of 6
[2026-03-07T22:54:48.988+0000] {taskinstance.py:2330} INFO - Executing <Task(GlueJobSensor): wait_for_glue> on 2026-03-07 21:04:28.066688+00:00
[2026-03-07T22:54:48.997+0000] {standard_task_runner.py:63} INFO - Started process 1479 to run task
[2026-03-07T22:54:48.999+0000] {standard_task_runner.py:90} INFO - Running: ['***', 'tasks', 'run', 'sip_and_tint_pipeline', 'wait_for_glue', 'manual__2026-03-07T21:04:28.066688+00:00', '--job-id', '35', '--raw', '--subdir', 'DAGS_FOLDER/sip_and_tint_pipeline.py', '--cfg-path', '/tmp/tmpeim887s6']
[2026-03-07T22:54:49.001+0000] {standard_task_runner.py:91} INFO - Job 35: Subtask wait_for_glue
[2026-03-07T22:54:49.046+0000] {task_command.py:426} INFO - Running <TaskInstance: sip_and_tint_pipeline.wait_for_glue manual__2026-03-07T21:04:28.066688+00:00 [running]> on host dedfdfe9c2f3
[2026-03-07T22:54:49.110+0000] {taskinstance.py:2648} INFO - Exporting env vars: AIRFLOW_CTX_DAG_OWNER='sip-and-tint' AIRFLOW_CTX_DAG_ID='sip_and_tint_pipeline' AIRFLOW_CTX_TASK_ID='wait_for_glue' AIRFLOW_CTX_EXECUTION_DATE='2026-03-07T21:04:28.066688+00:00' AIRFLOW_CTX_TRY_NUMBER='5' AIRFLOW_CTX_DAG_RUN_ID='manual__2026-03-07T21:04:28.066688+00:00'
[2026-03-07T22:54:49.111+0000] {taskinstance.py:430} INFO - ::endgroup::
[2026-03-07T22:54:49.119+0000] {glue.py:71} INFO - Poking for job run status :for Glue Job beauty-boba-dev-bronze-to-silver and ID jr_1ec9ecbae85003359ab7fcced27db6a92bac117a515177acce9c6456b4b29fd9
[2026-03-07T22:54:49.124+0000] {base.py:84} INFO - Using connection ID 'aws_default' for task execution.
[2026-03-07T22:54:49.125+0000] {connection_wrapper.py:384} INFO - AWS Connection (conn_id='aws_default', conn_type='aws') credentials retrieved from login and password.
[2026-03-07T22:55:49.672+0000] {glue.py:71} INFO - Poking for job run status :for Glue Job beauty-boba-dev-bronze-to-silver and ID jr_1ec9ecbae85003359ab7fcced27db6a92bac117a515177acce9c6456b4b29fd9
[2026-03-07T22:56:51.175+0000] {glue.py:71} INFO - Poking for job run status :for Glue Job beauty-boba-dev-bronze-to-silver and ID jr_1ec9ecbae85003359ab7fcced27db6a92bac117a515177acce9c6456b4b29fd9
[2026-03-07T22:56:51.444+0000] {glue.py:76} INFO - Exiting Job jr_1ec9ecbae85003359ab7fcced27db6a92bac117a515177acce9c6456b4b29fd9 Run State: SUCCEEDED
[2026-03-07T22:56:51.445+0000] {base.py:294} INFO - Success criteria met. Exiting.
[2026-03-07T22:56:51.447+0000] {taskinstance.py:441} INFO - ::group::Post task execution logs
[2026-03-07T22:56:51.546+0000] {taskinstance.py:1206} INFO - Marking task as SUCCESS. dag_id=sip_and_tint_pipeline, task_id=wait_for_glue, run_id=manual__2026-03-07T21:04:28.066688+00:00, execution_date=20260307T210428, start_date=20260307T225448, end_date=20260307T225651
[2026-03-07T22:56:51.624+0000] {local_task_job_runner.py:240} INFO - Task exited with return code 0
[2026-03-07T22:56:51.684+0000] {taskinstance.py:3498} INFO - 1 downstream tasks scheduled from follow-on schedule check
[2026-03-07T22:56:51.685+0000] {local_task_job_runner.py:222} INFO - ::endgroup::
