[2026-03-07T20:52:18.338+0000] {local_task_job_runner.py:120} INFO - ::group::Pre task execution logs
[2026-03-07T20:52:18.351+0000] {taskinstance.py:2076} INFO - Dependencies all met for dep_context=non-requeueable deps ti=<TaskInstance: sip_and_tint_pipeline.run_glue_bronze_to_silver scheduled__2026-02-23T07:00:00+00:00 [queued]>
[2026-03-07T20:52:18.354+0000] {taskinstance.py:2076} INFO - Dependencies all met for dep_context=requeueable deps ti=<TaskInstance: sip_and_tint_pipeline.run_glue_bronze_to_silver scheduled__2026-02-23T07:00:00+00:00 [queued]>
[2026-03-07T20:52:18.354+0000] {taskinstance.py:2306} INFO - Starting attempt 1 of 2
[2026-03-07T20:52:18.361+0000] {taskinstance.py:2330} INFO - Executing <Task(GlueJobOperator): run_glue_bronze_to_silver> on 2026-02-23 07:00:00+00:00
[2026-03-07T20:52:18.370+0000] {standard_task_runner.py:63} INFO - Started process 180 to run task
[2026-03-07T20:52:18.371+0000] {standard_task_runner.py:90} INFO - Running: ['***', 'tasks', 'run', 'sip_and_tint_pipeline', 'run_glue_bronze_to_silver', 'scheduled__2026-02-23T07:00:00+00:00', '--job-id', '5', '--raw', '--subdir', 'DAGS_FOLDER/sip_and_tint_pipeline.py', '--cfg-path', '/tmp/tmpdsmh53u6']
[2026-03-07T20:52:18.375+0000] {standard_task_runner.py:91} INFO - Job 5: Subtask run_glue_bronze_to_silver
[2026-03-07T20:52:18.450+0000] {task_command.py:426} INFO - Running <TaskInstance: sip_and_tint_pipeline.run_glue_bronze_to_silver scheduled__2026-02-23T07:00:00+00:00 [running]> on host dedfdfe9c2f3
[2026-03-07T20:52:18.536+0000] {taskinstance.py:2648} INFO - Exporting env vars: AIRFLOW_CTX_DAG_OWNER='sip-and-tint' AIRFLOW_CTX_DAG_ID='sip_and_tint_pipeline' AIRFLOW_CTX_TASK_ID='run_glue_bronze_to_silver' AIRFLOW_CTX_EXECUTION_DATE='2026-02-23T07:00:00+00:00' AIRFLOW_CTX_TRY_NUMBER='1' AIRFLOW_CTX_DAG_RUN_ID='scheduled__2026-02-23T07:00:00+00:00'
[2026-03-07T20:52:18.537+0000] {taskinstance.py:430} INFO - ::endgroup::
[2026-03-07T20:52:18.563+0000] {glue.py:173} INFO - Initializing AWS Glue Job: beauty-boba-bronze-to-silver. Wait for completion: False
[2026-03-07T20:52:18.564+0000] {glue.py:364} INFO - Checking if job already exists: beauty-boba-bronze-to-silver
[2026-03-07T20:52:18.574+0000] {base.py:84} INFO - Using connection ID 'aws_default' for task execution.
[2026-03-07T20:52:18.575+0000] {connection_wrapper.py:384} INFO - AWS Connection (conn_id='aws_default', conn_type='aws') credentials retrieved from login and password.
[2026-03-07T20:52:19.561+0000] {glue.py:165} ERROR - Failed to create aws glue job, error: Parameter validation failed:
Invalid type for parameter RoleName, value: None, type: <class 'NoneType'>, valid types: <class 'str'>
[2026-03-07T20:52:19.562+0000] {glue.py:190} ERROR - Failed to run aws glue job, error: Parameter validation failed:
Invalid type for parameter RoleName, value: None, type: <class 'NoneType'>, valid types: <class 'str'>
[2026-03-07T20:52:19.562+0000] {taskinstance.py:441} INFO - ::group::Post task execution logs
[2026-03-07T20:52:19.562+0000] {taskinstance.py:2905} ERROR - Task failed with exception
Traceback (most recent call last):
  File "/home/airflow/.local/lib/python3.11/site-packages/airflow/models/taskinstance.py", line 465, in _execute_task
    result = _execute_callable(context=context, **execute_callable_kwargs)
             ^^^^^^^^^^^^^^^^^^^^^^^^^^^^^^^^^^^^^^^^^^^^^^^^^^^^^^^^^^^^^
  File "/home/airflow/.local/lib/python3.11/site-packages/airflow/models/taskinstance.py", line 432, in _execute_callable
    return execute_callable(context=context, **execute_callable_kwargs)
           ^^^^^^^^^^^^^^^^^^^^^^^^^^^^^^^^^^^^^^^^^^^^^^^^^^^^^^^^^^^^
  File "/home/airflow/.local/lib/python3.11/site-packages/airflow/models/baseoperator.py", line 400, in wrapper
    return func(self, *args, **kwargs)
           ^^^^^^^^^^^^^^^^^^^^^^^^^^^
  File "/home/airflow/.local/lib/python3.11/site-packages/airflow/providers/amazon/aws/operators/glue.py", line 178, in execute
    glue_job_run = self.glue_job_hook.initialize_job(self.script_args, self.run_job_kwargs)
                   ^^^^^^^^^^^^^^^^^^^^^^^^^^^^^^^^^^^^^^^^^^^^^^^^^^^^^^^^^^^^^^^^^^^^^^^^
  File "/home/airflow/.local/lib/python3.11/site-packages/airflow/providers/amazon/aws/hooks/glue.py", line 186, in initialize_job
    job_name = self.get_or_create_glue_job()
               ^^^^^^^^^^^^^^^^^^^^^^^^^^^^^
  File "/home/airflow/.local/lib/python3.11/site-packages/airflow/providers/amazon/aws/hooks/glue.py", line 408, in get_or_create_glue_job
    config = self.create_glue_job_config()
             ^^^^^^^^^^^^^^^^^^^^^^^^^^^^^
  File "/home/airflow/.local/lib/python3.11/site-packages/airflow/providers/amazon/aws/hooks/glue.py", line 124, in create_glue_job_config
    execution_role = self.get_iam_execution_role()
                     ^^^^^^^^^^^^^^^^^^^^^^^^^^^^^
  File "/home/airflow/.local/lib/python3.11/site-packages/airflow/providers/amazon/aws/hooks/glue.py", line 161, in get_iam_execution_role
    glue_execution_role = iam_client.get_role(RoleName=self.role_name)
                          ^^^^^^^^^^^^^^^^^^^^^^^^^^^^^^^^^^^^^^^^^^^^
  File "/home/airflow/.local/lib/python3.11/site-packages/botocore/client.py", line 553, in _api_call
    return self._make_api_call(operation_name, kwargs)
           ^^^^^^^^^^^^^^^^^^^^^^^^^^^^^^^^^^^^^^^^^^^
  File "/home/airflow/.local/lib/python3.11/site-packages/botocore/client.py", line 962, in _make_api_call
    request_dict = self._convert_to_request_dict(
                   ^^^^^^^^^^^^^^^^^^^^^^^^^^^^^^
  File "/home/airflow/.local/lib/python3.11/site-packages/botocore/client.py", line 1036, in _convert_to_request_dict
    request_dict = self._serializer.serialize_to_request(
                   ^^^^^^^^^^^^^^^^^^^^^^^^^^^^^^^^^^^^^^
  File "/home/airflow/.local/lib/python3.11/site-packages/botocore/validate.py", line 381, in serialize_to_request
    raise ParamValidationError(report=report.generate_report())
botocore.exceptions.ParamValidationError: Parameter validation failed:
Invalid type for parameter RoleName, value: None, type: <class 'NoneType'>, valid types: <class 'str'>
[2026-03-07T20:52:19.587+0000] {taskinstance.py:1206} INFO - Marking task as UP_FOR_RETRY. dag_id=sip_and_tint_pipeline, task_id=run_glue_bronze_to_silver, run_id=scheduled__2026-02-23T07:00:00+00:00, execution_date=20260223T070000, start_date=20260307T205218, end_date=20260307T205219
[2026-03-07T20:52:19.603+0000] {standard_task_runner.py:110} ERROR - Failed to execute job 5 for task run_glue_bronze_to_silver (Parameter validation failed:
Invalid type for parameter RoleName, value: None, type: <class 'NoneType'>, valid types: <class 'str'>; 180)
[2026-03-07T20:52:19.642+0000] {local_task_job_runner.py:240} INFO - Task exited with return code 1
[2026-03-07T20:52:19.658+0000] {taskinstance.py:3498} INFO - 0 downstream tasks scheduled from follow-on schedule check
[2026-03-07T20:52:19.658+0000] {local_task_job_runner.py:222} INFO - ::endgroup::
[2026-03-07T22:10:57.858+0000] {local_task_job_runner.py:120} INFO - ::group::Pre task execution logs
[2026-03-07T22:10:57.869+0000] {taskinstance.py:2076} INFO - Dependencies all met for dep_context=non-requeueable deps ti=<TaskInstance: sip_and_tint_pipeline.run_glue_bronze_to_silver scheduled__2026-02-23T07:00:00+00:00 [queued]>
[2026-03-07T22:10:57.872+0000] {taskinstance.py:2076} INFO - Dependencies all met for dep_context=requeueable deps ti=<TaskInstance: sip_and_tint_pipeline.run_glue_bronze_to_silver scheduled__2026-02-23T07:00:00+00:00 [queued]>
[2026-03-07T22:10:57.872+0000] {taskinstance.py:2306} INFO - Starting attempt 1 of 2
[2026-03-07T22:10:57.877+0000] {taskinstance.py:2330} INFO - Executing <Task(GlueJobOperator): run_glue_bronze_to_silver> on 2026-02-23 07:00:00+00:00
[2026-03-07T22:10:57.880+0000] {standard_task_runner.py:63} INFO - Started process 998 to run task
[2026-03-07T22:10:57.882+0000] {standard_task_runner.py:90} INFO - Running: ['***', 'tasks', 'run', 'sip_and_tint_pipeline', 'run_glue_bronze_to_silver', 'scheduled__2026-02-23T07:00:00+00:00', '--job-id', '15', '--raw', '--subdir', 'DAGS_FOLDER/sip_and_tint_pipeline.py', '--cfg-path', '/tmp/tmpj940gao5']
[2026-03-07T22:10:57.883+0000] {standard_task_runner.py:91} INFO - Job 15: Subtask run_glue_bronze_to_silver
[2026-03-07T22:10:57.911+0000] {task_command.py:426} INFO - Running <TaskInstance: sip_and_tint_pipeline.run_glue_bronze_to_silver scheduled__2026-02-23T07:00:00+00:00 [running]> on host dedfdfe9c2f3
[2026-03-07T22:10:57.957+0000] {taskinstance.py:2648} INFO - Exporting env vars: AIRFLOW_CTX_DAG_OWNER='sip-and-tint' AIRFLOW_CTX_DAG_ID='sip_and_tint_pipeline' AIRFLOW_CTX_TASK_ID='run_glue_bronze_to_silver' AIRFLOW_CTX_EXECUTION_DATE='2026-02-23T07:00:00+00:00' AIRFLOW_CTX_TRY_NUMBER='1' AIRFLOW_CTX_DAG_RUN_ID='scheduled__2026-02-23T07:00:00+00:00'
[2026-03-07T22:10:57.957+0000] {taskinstance.py:430} INFO - ::endgroup::
[2026-03-07T22:10:57.966+0000] {glue.py:173} INFO - Initializing AWS Glue Job: beauty-boba-bronze-to-silver. Wait for completion: False
[2026-03-07T22:10:57.966+0000] {glue.py:364} INFO - Checking if job already exists: beauty-boba-bronze-to-silver
[2026-03-07T22:10:57.973+0000] {base.py:84} INFO - Using connection ID 'aws_default' for task execution.
[2026-03-07T22:10:57.974+0000] {connection_wrapper.py:384} INFO - AWS Connection (conn_id='aws_default', conn_type='aws') credentials retrieved from login and password.
[2026-03-07T22:10:59.257+0000] {glue.py:162} INFO - Iam Role Name: beauty-boba-dev-glue-role
[2026-03-07T22:10:59.277+0000] {glue.py:409} INFO - Creating job: beauty-boba-bronze-to-silver
[2026-03-07T22:10:59.294+0000] {glue.py:190} ERROR - Failed to run aws glue job, error: Parameter validation failed:
Invalid type for parameter Command.ScriptLocation, value: None, type: <class 'NoneType'>, valid types: <class 'str'>
[2026-03-07T22:10:59.321+0000] {taskinstance.py:441} INFO - ::group::Post task execution logs
[2026-03-07T22:10:59.361+0000] {taskinstance.py:2905} ERROR - Task failed with exception
Traceback (most recent call last):
  File "/home/airflow/.local/lib/python3.11/site-packages/airflow/models/taskinstance.py", line 465, in _execute_task
    result = _execute_callable(context=context, **execute_callable_kwargs)
             ^^^^^^^^^^^^^^^^^^^^^^^^^^^^^^^^^^^^^^^^^^^^^^^^^^^^^^^^^^^^^
  File "/home/airflow/.local/lib/python3.11/site-packages/airflow/models/taskinstance.py", line 432, in _execute_callable
    return execute_callable(context=context, **execute_callable_kwargs)
           ^^^^^^^^^^^^^^^^^^^^^^^^^^^^^^^^^^^^^^^^^^^^^^^^^^^^^^^^^^^^
  File "/home/airflow/.local/lib/python3.11/site-packages/airflow/models/baseoperator.py", line 400, in wrapper
    return func(self, *args, **kwargs)
           ^^^^^^^^^^^^^^^^^^^^^^^^^^^
  File "/home/airflow/.local/lib/python3.11/site-packages/airflow/providers/amazon/aws/operators/glue.py", line 178, in execute
    glue_job_run = self.glue_job_hook.initialize_job(self.script_args, self.run_job_kwargs)
                   ^^^^^^^^^^^^^^^^^^^^^^^^^^^^^^^^^^^^^^^^^^^^^^^^^^^^^^^^^^^^^^^^^^^^^^^^
  File "/home/airflow/.local/lib/python3.11/site-packages/airflow/providers/amazon/aws/hooks/glue.py", line 186, in initialize_job
    job_name = self.get_or_create_glue_job()
               ^^^^^^^^^^^^^^^^^^^^^^^^^^^^^
  File "/home/airflow/.local/lib/python3.11/site-packages/airflow/providers/amazon/aws/hooks/glue.py", line 410, in get_or_create_glue_job
    self.conn.create_job(**config)
  File "/home/airflow/.local/lib/python3.11/site-packages/botocore/client.py", line 553, in _api_call
    return self._make_api_call(operation_name, kwargs)
           ^^^^^^^^^^^^^^^^^^^^^^^^^^^^^^^^^^^^^^^^^^^
  File "/home/airflow/.local/lib/python3.11/site-packages/botocore/client.py", line 962, in _make_api_call
    request_dict = self._convert_to_request_dict(
                   ^^^^^^^^^^^^^^^^^^^^^^^^^^^^^^
  File "/home/airflow/.local/lib/python3.11/site-packages/botocore/client.py", line 1036, in _convert_to_request_dict
    request_dict = self._serializer.serialize_to_request(
                   ^^^^^^^^^^^^^^^^^^^^^^^^^^^^^^^^^^^^^^
  File "/home/airflow/.local/lib/python3.11/site-packages/botocore/validate.py", line 381, in serialize_to_request
    raise ParamValidationError(report=report.generate_report())
botocore.exceptions.ParamValidationError: Parameter validation failed:
Invalid type for parameter Command.ScriptLocation, value: None, type: <class 'NoneType'>, valid types: <class 'str'>
[2026-03-07T22:10:59.560+0000] {taskinstance.py:1206} INFO - Marking task as UP_FOR_RETRY. dag_id=sip_and_tint_pipeline, task_id=run_glue_bronze_to_silver, run_id=scheduled__2026-02-23T07:00:00+00:00, execution_date=20260223T070000, start_date=20260307T221057, end_date=20260307T221059
[2026-03-07T22:10:59.579+0000] {standard_task_runner.py:110} ERROR - Failed to execute job 15 for task run_glue_bronze_to_silver (Parameter validation failed:
Invalid type for parameter Command.ScriptLocation, value: None, type: <class 'NoneType'>, valid types: <class 'str'>; 998)
[2026-03-07T22:10:59.628+0000] {local_task_job_runner.py:240} INFO - Task exited with return code 1
[2026-03-07T22:10:59.666+0000] {taskinstance.py:3498} INFO - 0 downstream tasks scheduled from follow-on schedule check
[2026-03-07T22:10:59.667+0000] {local_task_job_runner.py:222} INFO - ::endgroup::
