[2026-03-07T22:19:06.247+0000] {local_task_job_runner.py:120} INFO - ::group::Pre task execution logs
[2026-03-07T22:19:06.280+0000] {taskinstance.py:2076} INFO - Dependencies all met for dep_context=non-requeueable deps ti=<TaskInstance: sip_and_tint_pipeline.run_glue_bronze_to_silver scheduled__2026-02-23T07:00:00+00:00 [queued]>
[2026-03-07T22:19:06.312+0000] {taskinstance.py:2076} INFO - Dependencies all met for dep_context=requeueable deps ti=<TaskInstance: sip_and_tint_pipeline.run_glue_bronze_to_silver scheduled__2026-02-23T07:00:00+00:00 [queued]>
[2026-03-07T22:19:06.314+0000] {taskinstance.py:2306} INFO - Starting attempt 3 of 4
[2026-03-07T22:19:06.376+0000] {taskinstance.py:2330} INFO - Executing <Task(GlueJobOperator): run_glue_bronze_to_silver> on 2026-02-23 07:00:00+00:00
[2026-03-07T22:19:06.417+0000] {standard_task_runner.py:63} INFO - Started process 1088 to run task
[2026-03-07T22:19:06.447+0000] {standard_task_runner.py:90} INFO - Running: ['***', 'tasks', 'run', 'sip_and_tint_pipeline', 'run_glue_bronze_to_silver', 'scheduled__2026-02-23T07:00:00+00:00', '--job-id', '20', '--raw', '--subdir', 'DAGS_FOLDER/sip_and_tint_pipeline.py', '--cfg-path', '/tmp/tmpsq1kawy2']
[2026-03-07T22:19:06.492+0000] {standard_task_runner.py:91} INFO - Job 20: Subtask run_glue_bronze_to_silver
[2026-03-07T22:19:06.776+0000] {task_command.py:426} INFO - Running <TaskInstance: sip_and_tint_pipeline.run_glue_bronze_to_silver scheduled__2026-02-23T07:00:00+00:00 [running]> on host dedfdfe9c2f3
[2026-03-07T22:19:06.913+0000] {taskinstance.py:2648} INFO - Exporting env vars: AIRFLOW_CTX_DAG_OWNER='sip-and-tint' AIRFLOW_CTX_DAG_ID='sip_and_tint_pipeline' AIRFLOW_CTX_TASK_ID='run_glue_bronze_to_silver' AIRFLOW_CTX_EXECUTION_DATE='2026-02-23T07:00:00+00:00' AIRFLOW_CTX_TRY_NUMBER='3' AIRFLOW_CTX_DAG_RUN_ID='scheduled__2026-02-23T07:00:00+00:00'
[2026-03-07T22:19:06.915+0000] {taskinstance.py:430} INFO - ::endgroup::
[2026-03-07T22:19:06.934+0000] {glue.py:173} INFO - Initializing AWS Glue Job: beauty-boba-dev-bronze-to-silver. Wait for completion: False
[2026-03-07T22:19:06.935+0000] {glue.py:364} INFO - Checking if job already exists: beauty-boba-dev-bronze-to-silver
[2026-03-07T22:19:06.952+0000] {base.py:84} INFO - Using connection ID 'aws_default' for task execution.
[2026-03-07T22:19:06.953+0000] {connection_wrapper.py:384} INFO - AWS Connection (conn_id='aws_default', conn_type='aws') credentials retrieved from login and password.
[2026-03-07T22:19:07.709+0000] {glue.py:190} ERROR - Failed to run aws glue job, error: An error occurred (ConcurrentRunsExceededException) when calling the StartJobRun operation: Concurrent runs exceeded.
[2026-03-07T22:19:07.711+0000] {taskinstance.py:441} INFO - ::group::Post task execution logs
[2026-03-07T22:19:07.712+0000] {taskinstance.py:2905} ERROR - Task failed with exception
Traceback (most recent call last):
  File "/home/airflow/.local/lib/python3.11/site-packages/airflow/models/taskinstance.py", line 465, in _execute_task
    result = _execute_callable(context=context, **execute_callable_kwargs)
             ^^^^^^^^^^^^^^^^^^^^^^^^^^^^^^^^^^^^^^^^^^^^^^^^^^^^^^^^^^^^^
  File "/home/airflow/.local/lib/python3.11/site-packages/airflow/models/taskinstance.py", line 432, in _execute_callable
    return execute_callable(context=context, **execute_callable_kwargs)
           ^^^^^^^^^^^^^^^^^^^^^^^^^^^^^^^^^^^^^^^^^^^^^^^^^^^^^^^^^^^^
  File "/home/airflow/.local/lib/python3.11/site-packages/airflow/models/baseoperator.py", line 400, in wrapper
    return func(self, *args, **kwargs)
           ^^^^^^^^^^^^^^^^^^^^^^^^^^^
  File "/home/airflow/.local/lib/python3.11/site-packages/airflow/providers/amazon/aws/operators/glue.py", line 178, in execute
    glue_job_run = self.glue_job_hook.initialize_job(self.script_args, self.run_job_kwargs)
                   ^^^^^^^^^^^^^^^^^^^^^^^^^^^^^^^^^^^^^^^^^^^^^^^^^^^^^^^^^^^^^^^^^^^^^^^^
  File "/home/airflow/.local/lib/python3.11/site-packages/airflow/providers/amazon/aws/hooks/glue.py", line 188, in initialize_job
    return self.conn.start_job_run(JobName=job_name, Arguments=script_arguments, **run_kwargs)
           ^^^^^^^^^^^^^^^^^^^^^^^^^^^^^^^^^^^^^^^^^^^^^^^^^^^^^^^^^^^^^^^^^^^^^^^^^^^^^^^^^^^
  File "/home/airflow/.local/lib/python3.11/site-packages/botocore/client.py", line 553, in _api_call
    return self._make_api_call(operation_name, kwargs)
           ^^^^^^^^^^^^^^^^^^^^^^^^^^^^^^^^^^^^^^^^^^^
  File "/home/airflow/.local/lib/python3.11/site-packages/botocore/client.py", line 1009, in _make_api_call
    raise error_class(parsed_response, operation_name)
botocore.errorfactory.ConcurrentRunsExceededException: An error occurred (ConcurrentRunsExceededException) when calling the StartJobRun operation: Concurrent runs exceeded.
[2026-03-07T22:19:07.726+0000] {taskinstance.py:1206} INFO - Marking task as UP_FOR_RETRY. dag_id=sip_and_tint_pipeline, task_id=run_glue_bronze_to_silver, run_id=scheduled__2026-02-23T07:00:00+00:00, execution_date=20260223T070000, start_date=20260307T221906, end_date=20260307T221907
[2026-03-07T22:19:07.735+0000] {standard_task_runner.py:110} ERROR - Failed to execute job 20 for task run_glue_bronze_to_silver (An error occurred (ConcurrentRunsExceededException) when calling the StartJobRun operation: Concurrent runs exceeded.; 1088)
[2026-03-07T22:19:07.782+0000] {local_task_job_runner.py:240} INFO - Task exited with return code 1
[2026-03-07T22:19:07.939+0000] {taskinstance.py:3498} INFO - 0 downstream tasks scheduled from follow-on schedule check
[2026-03-07T22:19:07.941+0000] {local_task_job_runner.py:222} INFO - ::endgroup::
