[2026-03-07T21:07:53.733+0000] {local_task_job_runner.py:120} INFO - ::group::Pre task execution logs
[2026-03-07T21:07:53.741+0000] {taskinstance.py:2076} INFO - Dependencies all met for dep_context=non-requeueable deps ti=<TaskInstance: sip_and_tint_pipeline.run_glue_bronze_to_silver scheduled__2026-02-23T07:00:00+00:00 [queued]>
[2026-03-07T21:07:53.744+0000] {taskinstance.py:2076} INFO - Dependencies all met for dep_context=requeueable deps ti=<TaskInstance: sip_and_tint_pipeline.run_glue_bronze_to_silver scheduled__2026-02-23T07:00:00+00:00 [queued]>
[2026-03-07T21:07:53.744+0000] {taskinstance.py:2306} INFO - Starting attempt 4 of 4
[2026-03-07T21:07:53.749+0000] {taskinstance.py:2330} INFO - Executing <Task(GlueJobOperator): run_glue_bronze_to_silver> on 2026-02-23 07:00:00+00:00
[2026-03-07T21:07:53.756+0000] {standard_task_runner.py:63} INFO - Started process 352 to run task
[2026-03-07T21:07:53.760+0000] {standard_task_runner.py:90} INFO - Running: ['***', 'tasks', 'run', 'sip_and_tint_pipeline', 'run_glue_bronze_to_silver', 'scheduled__2026-02-23T07:00:00+00:00', '--job-id', '10', '--raw', '--subdir', 'DAGS_FOLDER/sip_and_tint_pipeline.py', '--cfg-path', '/tmp/tmppox3xeko']
[2026-03-07T21:07:53.762+0000] {standard_task_runner.py:91} INFO - Job 10: Subtask run_glue_bronze_to_silver
[2026-03-07T21:07:53.806+0000] {task_command.py:426} INFO - Running <TaskInstance: sip_and_tint_pipeline.run_glue_bronze_to_silver scheduled__2026-02-23T07:00:00+00:00 [running]> on host dedfdfe9c2f3
[2026-03-07T21:07:53.848+0000] {taskinstance.py:2648} INFO - Exporting env vars: AIRFLOW_CTX_DAG_OWNER='sip-and-tint' AIRFLOW_CTX_DAG_ID='sip_and_tint_pipeline' AIRFLOW_CTX_TASK_ID='run_glue_bronze_to_silver' AIRFLOW_CTX_EXECUTION_DATE='2026-02-23T07:00:00+00:00' AIRFLOW_CTX_TRY_NUMBER='4' AIRFLOW_CTX_DAG_RUN_ID='scheduled__2026-02-23T07:00:00+00:00'
[2026-03-07T21:07:53.848+0000] {taskinstance.py:430} INFO - ::endgroup::
[2026-03-07T21:07:53.855+0000] {glue.py:173} INFO - Initializing AWS Glue Job: beauty-boba-bronze-to-silver. Wait for completion: False
[2026-03-07T21:07:53.856+0000] {glue.py:364} INFO - Checking if job already exists: beauty-boba-bronze-to-silver
[2026-03-07T21:07:53.861+0000] {base.py:84} INFO - Using connection ID 'aws_default' for task execution.
[2026-03-07T21:07:53.862+0000] {connection_wrapper.py:384} INFO - AWS Connection (conn_id='aws_default', conn_type='aws') credentials retrieved from login and password.
[2026-03-07T21:07:54.332+0000] {glue.py:165} ERROR - Failed to create aws glue job, error: Parameter validation failed:
Invalid type for parameter RoleName, value: None, type: <class 'NoneType'>, valid types: <class 'str'>
[2026-03-07T21:07:54.333+0000] {glue.py:190} ERROR - Failed to run aws glue job, error: Parameter validation failed:
Invalid type for parameter RoleName, value: None, type: <class 'NoneType'>, valid types: <class 'str'>
[2026-03-07T21:07:54.333+0000] {taskinstance.py:441} INFO - ::group::Post task execution logs
[2026-03-07T21:07:54.333+0000] {taskinstance.py:2905} ERROR - Task failed with exception
Traceback (most recent call last):
  File "/home/airflow/.local/lib/python3.11/site-packages/airflow/models/taskinstance.py", line 465, in _execute_task
    result = _execute_callable(context=context, **execute_callable_kwargs)
             ^^^^^^^^^^^^^^^^^^^^^^^^^^^^^^^^^^^^^^^^^^^^^^^^^^^^^^^^^^^^^
  File "/home/airflow/.local/lib/python3.11/site-packages/airflow/models/taskinstance.py", line 432, in _execute_callable
    return execute_callable(context=context, **execute_callable_kwargs)
           ^^^^^^^^^^^^^^^^^^^^^^^^^^^^^^^^^^^^^^^^^^^^^^^^^^^^^^^^^^^^
  File "/home/airflow/.local/lib/python3.11/site-packages/airflow/models/baseoperator.py", line 400, in wrapper
    return func(self, *args, **kwargs)
           ^^^^^^^^^^^^^^^^^^^^^^^^^^^
  File "/home/airflow/.local/lib/python3.11/site-packages/airflow/providers/amazon/aws/operators/glue.py", line 178, in execute
    glue_job_run = self.glue_job_hook.initialize_job(self.script_args, self.run_job_kwargs)
                   ^^^^^^^^^^^^^^^^^^^^^^^^^^^^^^^^^^^^^^^^^^^^^^^^^^^^^^^^^^^^^^^^^^^^^^^^
  File "/home/airflow/.local/lib/python3.11/site-packages/airflow/providers/amazon/aws/hooks/glue.py", line 186, in initialize_job
    job_name = self.get_or_create_glue_job()
               ^^^^^^^^^^^^^^^^^^^^^^^^^^^^^
  File "/home/airflow/.local/lib/python3.11/site-packages/airflow/providers/amazon/aws/hooks/glue.py", line 408, in get_or_create_glue_job
    config = self.create_glue_job_config()
             ^^^^^^^^^^^^^^^^^^^^^^^^^^^^^
  File "/home/airflow/.local/lib/python3.11/site-packages/airflow/providers/amazon/aws/hooks/glue.py", line 124, in create_glue_job_config
    execution_role = self.get_iam_execution_role()
                     ^^^^^^^^^^^^^^^^^^^^^^^^^^^^^
  File "/home/airflow/.local/lib/python3.11/site-packages/airflow/providers/amazon/aws/hooks/glue.py", line 161, in get_iam_execution_role
    glue_execution_role = iam_client.get_role(RoleName=self.role_name)
                          ^^^^^^^^^^^^^^^^^^^^^^^^^^^^^^^^^^^^^^^^^^^^
  File "/home/airflow/.local/lib/python3.11/site-packages/botocore/client.py", line 553, in _api_call
    return self._make_api_call(operation_name, kwargs)
           ^^^^^^^^^^^^^^^^^^^^^^^^^^^^^^^^^^^^^^^^^^^
  File "/home/airflow/.local/lib/python3.11/site-packages/botocore/client.py", line 962, in _make_api_call
    request_dict = self._convert_to_request_dict(
                   ^^^^^^^^^^^^^^^^^^^^^^^^^^^^^^
  File "/home/airflow/.local/lib/python3.11/site-packages/botocore/client.py", line 1036, in _convert_to_request_dict
    request_dict = self._serializer.serialize_to_request(
                   ^^^^^^^^^^^^^^^^^^^^^^^^^^^^^^^^^^^^^^
  File "/home/airflow/.local/lib/python3.11/site-packages/botocore/validate.py", line 381, in serialize_to_request
    raise ParamValidationError(report=report.generate_report())
botocore.exceptions.ParamValidationError: Parameter validation failed:
Invalid type for parameter RoleName, value: None, type: <class 'NoneType'>, valid types: <class 'str'>
[2026-03-07T21:07:54.339+0000] {taskinstance.py:1206} INFO - Marking task as FAILED. dag_id=sip_and_tint_pipeline, task_id=run_glue_bronze_to_silver, run_id=scheduled__2026-02-23T07:00:00+00:00, execution_date=20260223T070000, start_date=20260307T210753, end_date=20260307T210754
[2026-03-07T21:07:54.344+0000] {standard_task_runner.py:110} ERROR - Failed to execute job 10 for task run_glue_bronze_to_silver (Parameter validation failed:
Invalid type for parameter RoleName, value: None, type: <class 'NoneType'>, valid types: <class 'str'>; 352)
[2026-03-07T21:07:54.373+0000] {local_task_job_runner.py:240} INFO - Task exited with return code 1
[2026-03-07T21:07:54.385+0000] {taskinstance.py:3498} INFO - 0 downstream tasks scheduled from follow-on schedule check
[2026-03-07T21:07:54.387+0000] {local_task_job_runner.py:222} INFO - ::endgroup::
[2026-03-07T22:24:09.067+0000] {local_task_job_runner.py:120} INFO - ::group::Pre task execution logs
[2026-03-07T22:24:09.076+0000] {taskinstance.py:2076} INFO - Dependencies all met for dep_context=non-requeueable deps ti=<TaskInstance: sip_and_tint_pipeline.run_glue_bronze_to_silver scheduled__2026-02-23T07:00:00+00:00 [queued]>
[2026-03-07T22:24:09.079+0000] {taskinstance.py:2076} INFO - Dependencies all met for dep_context=requeueable deps ti=<TaskInstance: sip_and_tint_pipeline.run_glue_bronze_to_silver scheduled__2026-02-23T07:00:00+00:00 [queued]>
[2026-03-07T22:24:09.079+0000] {taskinstance.py:2306} INFO - Starting attempt 4 of 4
[2026-03-07T22:24:09.084+0000] {taskinstance.py:2330} INFO - Executing <Task(GlueJobOperator): run_glue_bronze_to_silver> on 2026-02-23 07:00:00+00:00
[2026-03-07T22:24:09.088+0000] {standard_task_runner.py:63} INFO - Started process 1140 to run task
[2026-03-07T22:24:09.091+0000] {standard_task_runner.py:90} INFO - Running: ['***', 'tasks', 'run', 'sip_and_tint_pipeline', 'run_glue_bronze_to_silver', 'scheduled__2026-02-23T07:00:00+00:00', '--job-id', '21', '--raw', '--subdir', 'DAGS_FOLDER/sip_and_tint_pipeline.py', '--cfg-path', '/tmp/tmp09mvkfa9']
[2026-03-07T22:24:09.093+0000] {standard_task_runner.py:91} INFO - Job 21: Subtask run_glue_bronze_to_silver
[2026-03-07T22:24:09.140+0000] {task_command.py:426} INFO - Running <TaskInstance: sip_and_tint_pipeline.run_glue_bronze_to_silver scheduled__2026-02-23T07:00:00+00:00 [running]> on host dedfdfe9c2f3
[2026-03-07T22:24:09.193+0000] {taskinstance.py:2648} INFO - Exporting env vars: AIRFLOW_CTX_DAG_OWNER='sip-and-tint' AIRFLOW_CTX_DAG_ID='sip_and_tint_pipeline' AIRFLOW_CTX_TASK_ID='run_glue_bronze_to_silver' AIRFLOW_CTX_EXECUTION_DATE='2026-02-23T07:00:00+00:00' AIRFLOW_CTX_TRY_NUMBER='4' AIRFLOW_CTX_DAG_RUN_ID='scheduled__2026-02-23T07:00:00+00:00'
[2026-03-07T22:24:09.194+0000] {taskinstance.py:430} INFO - ::endgroup::
[2026-03-07T22:24:09.211+0000] {glue.py:173} INFO - Initializing AWS Glue Job: beauty-boba-dev-bronze-to-silver. Wait for completion: False
[2026-03-07T22:24:09.212+0000] {glue.py:364} INFO - Checking if job already exists: beauty-boba-dev-bronze-to-silver
[2026-03-07T22:24:09.219+0000] {base.py:84} INFO - Using connection ID 'aws_default' for task execution.
[2026-03-07T22:24:09.220+0000] {connection_wrapper.py:384} INFO - AWS Connection (conn_id='aws_default', conn_type='aws') credentials retrieved from login and password.
[2026-03-07T22:24:09.835+0000] {glue.py:194} INFO - You can monitor this Glue Job run at: https://console.aws.amazon.com/gluestudio/home?region=eu-central-1#/job/beauty-boba-dev-bronze-to-silver/run/jr_cfd6f599926ee71756905c0494f2f7c1cceed053d30ac0b262c056cd1df3108f
[2026-03-07T22:24:09.836+0000] {glue.py:216} INFO - AWS Glue Job: beauty-boba-dev-bronze-to-silver. Run Id: jr_cfd6f599926ee71756905c0494f2f7c1cceed053d30ac0b262c056cd1df3108f
[2026-03-07T22:24:09.836+0000] {taskinstance.py:441} INFO - ::group::Post task execution logs
[2026-03-07T22:24:09.852+0000] {taskinstance.py:1206} INFO - Marking task as SUCCESS. dag_id=sip_and_tint_pipeline, task_id=run_glue_bronze_to_silver, run_id=scheduled__2026-02-23T07:00:00+00:00, execution_date=20260223T070000, start_date=20260307T222409, end_date=20260307T222409
[2026-03-07T22:24:09.888+0000] {local_task_job_runner.py:240} INFO - Task exited with return code 0
[2026-03-07T22:24:09.906+0000] {taskinstance.py:3498} INFO - 1 downstream tasks scheduled from follow-on schedule check
[2026-03-07T22:24:09.907+0000] {local_task_job_runner.py:222} INFO - ::endgroup::
