[2026-03-07T20:57:21.653+0000] {local_task_job_runner.py:120} INFO - ::group::Pre task execution logs
[2026-03-07T20:57:21.662+0000] {taskinstance.py:2076} INFO - Dependencies all met for dep_context=non-requeueable deps ti=<TaskInstance: sip_and_tint_pipeline.run_glue_bronze_to_silver scheduled__2026-02-23T07:00:00+00:00 [queued]>
[2026-03-07T20:57:21.665+0000] {taskinstance.py:2076} INFO - Dependencies all met for dep_context=requeueable deps ti=<TaskInstance: sip_and_tint_pipeline.run_glue_bronze_to_silver scheduled__2026-02-23T07:00:00+00:00 [queued]>
[2026-03-07T20:57:21.665+0000] {taskinstance.py:2306} INFO - Starting attempt 2 of 2
[2026-03-07T20:57:21.672+0000] {taskinstance.py:2330} INFO - Executing <Task(GlueJobOperator): run_glue_bronze_to_silver> on 2026-02-23 07:00:00+00:00
[2026-03-07T20:57:21.679+0000] {standard_task_runner.py:63} INFO - Started process 234 to run task
[2026-03-07T20:57:21.681+0000] {standard_task_runner.py:90} INFO - Running: ['***', 'tasks', 'run', 'sip_and_tint_pipeline', 'run_glue_bronze_to_silver', 'scheduled__2026-02-23T07:00:00+00:00', '--job-id', '7', '--raw', '--subdir', 'DAGS_FOLDER/sip_and_tint_pipeline.py', '--cfg-path', '/tmp/tmpj122d7ja']
[2026-03-07T20:57:21.691+0000] {standard_task_runner.py:91} INFO - Job 7: Subtask run_glue_bronze_to_silver
[2026-03-07T20:57:21.780+0000] {task_command.py:426} INFO - Running <TaskInstance: sip_and_tint_pipeline.run_glue_bronze_to_silver scheduled__2026-02-23T07:00:00+00:00 [running]> on host dedfdfe9c2f3
[2026-03-07T20:57:21.856+0000] {taskinstance.py:2648} INFO - Exporting env vars: AIRFLOW_CTX_DAG_OWNER='sip-and-tint' AIRFLOW_CTX_DAG_ID='sip_and_tint_pipeline' AIRFLOW_CTX_TASK_ID='run_glue_bronze_to_silver' AIRFLOW_CTX_EXECUTION_DATE='2026-02-23T07:00:00+00:00' AIRFLOW_CTX_TRY_NUMBER='2' AIRFLOW_CTX_DAG_RUN_ID='scheduled__2026-02-23T07:00:00+00:00'
[2026-03-07T20:57:21.857+0000] {taskinstance.py:430} INFO - ::endgroup::
[2026-03-07T20:57:21.867+0000] {glue.py:173} INFO - Initializing AWS Glue Job: beauty-boba-bronze-to-silver. Wait for completion: False
[2026-03-07T20:57:21.868+0000] {glue.py:364} INFO - Checking if job already exists: beauty-boba-bronze-to-silver
[2026-03-07T20:57:21.883+0000] {base.py:84} INFO - Using connection ID 'aws_default' for task execution.
[2026-03-07T20:57:21.885+0000] {connection_wrapper.py:384} INFO - AWS Connection (conn_id='aws_default', conn_type='aws') credentials retrieved from login and password.
[2026-03-07T20:57:22.824+0000] {glue.py:165} ERROR - Failed to create aws glue job, error: Parameter validation failed:
Invalid type for parameter RoleName, value: None, type: <class 'NoneType'>, valid types: <class 'str'>
[2026-03-07T20:57:22.825+0000] {glue.py:190} ERROR - Failed to run aws glue job, error: Parameter validation failed:
Invalid type for parameter RoleName, value: None, type: <class 'NoneType'>, valid types: <class 'str'>
[2026-03-07T20:57:22.825+0000] {taskinstance.py:441} INFO - ::group::Post task execution logs
[2026-03-07T20:57:22.825+0000] {taskinstance.py:2905} ERROR - Task failed with exception
Traceback (most recent call last):
  File "/home/airflow/.local/lib/python3.11/site-packages/airflow/models/taskinstance.py", line 465, in _execute_task
    result = _execute_callable(context=context, **execute_callable_kwargs)
             ^^^^^^^^^^^^^^^^^^^^^^^^^^^^^^^^^^^^^^^^^^^^^^^^^^^^^^^^^^^^^
  File "/home/airflow/.local/lib/python3.11/site-packages/airflow/models/taskinstance.py", line 432, in _execute_callable
    return execute_callable(context=context, **execute_callable_kwargs)
           ^^^^^^^^^^^^^^^^^^^^^^^^^^^^^^^^^^^^^^^^^^^^^^^^^^^^^^^^^^^^
  File "/home/airflow/.local/lib/python3.11/site-packages/airflow/models/baseoperator.py", line 400, in wrapper
    return func(self, *args, **kwargs)
           ^^^^^^^^^^^^^^^^^^^^^^^^^^^
  File "/home/airflow/.local/lib/python3.11/site-packages/airflow/providers/amazon/aws/operators/glue.py", line 178, in execute
    glue_job_run = self.glue_job_hook.initialize_job(self.script_args, self.run_job_kwargs)
                   ^^^^^^^^^^^^^^^^^^^^^^^^^^^^^^^^^^^^^^^^^^^^^^^^^^^^^^^^^^^^^^^^^^^^^^^^
  File "/home/airflow/.local/lib/python3.11/site-packages/airflow/providers/amazon/aws/hooks/glue.py", line 186, in initialize_job
    job_name = self.get_or_create_glue_job()
               ^^^^^^^^^^^^^^^^^^^^^^^^^^^^^
  File "/home/airflow/.local/lib/python3.11/site-packages/airflow/providers/amazon/aws/hooks/glue.py", line 408, in get_or_create_glue_job
    config = self.create_glue_job_config()
             ^^^^^^^^^^^^^^^^^^^^^^^^^^^^^
  File "/home/airflow/.local/lib/python3.11/site-packages/airflow/providers/amazon/aws/hooks/glue.py", line 124, in create_glue_job_config
    execution_role = self.get_iam_execution_role()
                     ^^^^^^^^^^^^^^^^^^^^^^^^^^^^^
  File "/home/airflow/.local/lib/python3.11/site-packages/airflow/providers/amazon/aws/hooks/glue.py", line 161, in get_iam_execution_role
    glue_execution_role = iam_client.get_role(RoleName=self.role_name)
                          ^^^^^^^^^^^^^^^^^^^^^^^^^^^^^^^^^^^^^^^^^^^^
  File "/home/airflow/.local/lib/python3.11/site-packages/botocore/client.py", line 553, in _api_call
    return self._make_api_call(operation_name, kwargs)
           ^^^^^^^^^^^^^^^^^^^^^^^^^^^^^^^^^^^^^^^^^^^
  File "/home/airflow/.local/lib/python3.11/site-packages/botocore/client.py", line 962, in _make_api_call
    request_dict = self._convert_to_request_dict(
                   ^^^^^^^^^^^^^^^^^^^^^^^^^^^^^^
  File "/home/airflow/.local/lib/python3.11/site-packages/botocore/client.py", line 1036, in _convert_to_request_dict
    request_dict = self._serializer.serialize_to_request(
                   ^^^^^^^^^^^^^^^^^^^^^^^^^^^^^^^^^^^^^^
  File "/home/airflow/.local/lib/python3.11/site-packages/botocore/validate.py", line 381, in serialize_to_request
    raise ParamValidationError(report=report.generate_report())
botocore.exceptions.ParamValidationError: Parameter validation failed:
Invalid type for parameter RoleName, value: None, type: <class 'NoneType'>, valid types: <class 'str'>
[2026-03-07T20:57:22.839+0000] {taskinstance.py:1206} INFO - Marking task as FAILED. dag_id=sip_and_tint_pipeline, task_id=run_glue_bronze_to_silver, run_id=scheduled__2026-02-23T07:00:00+00:00, execution_date=20260223T070000, start_date=20260307T205721, end_date=20260307T205722
[2026-03-07T20:57:22.849+0000] {standard_task_runner.py:110} ERROR - Failed to execute job 7 for task run_glue_bronze_to_silver (Parameter validation failed:
Invalid type for parameter RoleName, value: None, type: <class 'NoneType'>, valid types: <class 'str'>; 234)
[2026-03-07T20:57:22.860+0000] {local_task_job_runner.py:240} INFO - Task exited with return code 1
[2026-03-07T20:57:22.880+0000] {taskinstance.py:3498} INFO - 0 downstream tasks scheduled from follow-on schedule check
[2026-03-07T20:57:22.882+0000] {local_task_job_runner.py:222} INFO - ::endgroup::
[2026-03-07T22:16:00.131+0000] {local_task_job_runner.py:120} INFO - ::group::Pre task execution logs
[2026-03-07T22:16:00.138+0000] {taskinstance.py:2076} INFO - Dependencies all met for dep_context=non-requeueable deps ti=<TaskInstance: sip_and_tint_pipeline.run_glue_bronze_to_silver scheduled__2026-02-23T07:00:00+00:00 [queued]>
[2026-03-07T22:16:00.141+0000] {taskinstance.py:2076} INFO - Dependencies all met for dep_context=requeueable deps ti=<TaskInstance: sip_and_tint_pipeline.run_glue_bronze_to_silver scheduled__2026-02-23T07:00:00+00:00 [queued]>
[2026-03-07T22:16:00.141+0000] {taskinstance.py:2306} INFO - Starting attempt 2 of 2
[2026-03-07T22:16:00.146+0000] {taskinstance.py:2330} INFO - Executing <Task(GlueJobOperator): run_glue_bronze_to_silver> on 2026-02-23 07:00:00+00:00
[2026-03-07T22:16:00.150+0000] {standard_task_runner.py:63} INFO - Started process 1047 to run task
[2026-03-07T22:16:00.152+0000] {standard_task_runner.py:90} INFO - Running: ['***', 'tasks', 'run', 'sip_and_tint_pipeline', 'run_glue_bronze_to_silver', 'scheduled__2026-02-23T07:00:00+00:00', '--job-id', '17', '--raw', '--subdir', 'DAGS_FOLDER/sip_and_tint_pipeline.py', '--cfg-path', '/tmp/tmp90j4zqlh']
[2026-03-07T22:16:00.154+0000] {standard_task_runner.py:91} INFO - Job 17: Subtask run_glue_bronze_to_silver
[2026-03-07T22:16:00.179+0000] {task_command.py:426} INFO - Running <TaskInstance: sip_and_tint_pipeline.run_glue_bronze_to_silver scheduled__2026-02-23T07:00:00+00:00 [running]> on host dedfdfe9c2f3
[2026-03-07T22:16:00.216+0000] {taskinstance.py:2648} INFO - Exporting env vars: AIRFLOW_CTX_DAG_OWNER='sip-and-tint' AIRFLOW_CTX_DAG_ID='sip_and_tint_pipeline' AIRFLOW_CTX_TASK_ID='run_glue_bronze_to_silver' AIRFLOW_CTX_EXECUTION_DATE='2026-02-23T07:00:00+00:00' AIRFLOW_CTX_TRY_NUMBER='2' AIRFLOW_CTX_DAG_RUN_ID='scheduled__2026-02-23T07:00:00+00:00'
[2026-03-07T22:16:00.217+0000] {taskinstance.py:430} INFO - ::endgroup::
[2026-03-07T22:16:00.229+0000] {glue.py:173} INFO - Initializing AWS Glue Job: beauty-boba-bronze-to-silver. Wait for completion: False
[2026-03-07T22:16:00.229+0000] {glue.py:364} INFO - Checking if job already exists: beauty-boba-bronze-to-silver
[2026-03-07T22:16:00.246+0000] {base.py:84} INFO - Using connection ID 'aws_default' for task execution.
[2026-03-07T22:16:00.247+0000] {connection_wrapper.py:384} INFO - AWS Connection (conn_id='aws_default', conn_type='aws') credentials retrieved from login and password.
[2026-03-07T22:16:01.108+0000] {glue.py:162} INFO - Iam Role Name: beauty-boba-dev-glue-role
[2026-03-07T22:16:01.110+0000] {glue.py:409} INFO - Creating job: beauty-boba-bronze-to-silver
[2026-03-07T22:16:01.111+0000] {glue.py:190} ERROR - Failed to run aws glue job, error: Parameter validation failed:
Invalid type for parameter Command.ScriptLocation, value: None, type: <class 'NoneType'>, valid types: <class 'str'>
[2026-03-07T22:16:01.112+0000] {taskinstance.py:441} INFO - ::group::Post task execution logs
[2026-03-07T22:16:01.113+0000] {taskinstance.py:2905} ERROR - Task failed with exception
Traceback (most recent call last):
  File "/home/airflow/.local/lib/python3.11/site-packages/airflow/models/taskinstance.py", line 465, in _execute_task
    result = _execute_callable(context=context, **execute_callable_kwargs)
             ^^^^^^^^^^^^^^^^^^^^^^^^^^^^^^^^^^^^^^^^^^^^^^^^^^^^^^^^^^^^^
  File "/home/airflow/.local/lib/python3.11/site-packages/airflow/models/taskinstance.py", line 432, in _execute_callable
    return execute_callable(context=context, **execute_callable_kwargs)
           ^^^^^^^^^^^^^^^^^^^^^^^^^^^^^^^^^^^^^^^^^^^^^^^^^^^^^^^^^^^^
  File "/home/airflow/.local/lib/python3.11/site-packages/airflow/models/baseoperator.py", line 400, in wrapper
    return func(self, *args, **kwargs)
           ^^^^^^^^^^^^^^^^^^^^^^^^^^^
  File "/home/airflow/.local/lib/python3.11/site-packages/airflow/providers/amazon/aws/operators/glue.py", line 178, in execute
    glue_job_run = self.glue_job_hook.initialize_job(self.script_args, self.run_job_kwargs)
                   ^^^^^^^^^^^^^^^^^^^^^^^^^^^^^^^^^^^^^^^^^^^^^^^^^^^^^^^^^^^^^^^^^^^^^^^^
  File "/home/airflow/.local/lib/python3.11/site-packages/airflow/providers/amazon/aws/hooks/glue.py", line 186, in initialize_job
    job_name = self.get_or_create_glue_job()
               ^^^^^^^^^^^^^^^^^^^^^^^^^^^^^
  File "/home/airflow/.local/lib/python3.11/site-packages/airflow/providers/amazon/aws/hooks/glue.py", line 410, in get_or_create_glue_job
    self.conn.create_job(**config)
  File "/home/airflow/.local/lib/python3.11/site-packages/botocore/client.py", line 553, in _api_call
    return self._make_api_call(operation_name, kwargs)
           ^^^^^^^^^^^^^^^^^^^^^^^^^^^^^^^^^^^^^^^^^^^
  File "/home/airflow/.local/lib/python3.11/site-packages/botocore/client.py", line 962, in _make_api_call
    request_dict = self._convert_to_request_dict(
                   ^^^^^^^^^^^^^^^^^^^^^^^^^^^^^^
  File "/home/airflow/.local/lib/python3.11/site-packages/botocore/client.py", line 1036, in _convert_to_request_dict
    request_dict = self._serializer.serialize_to_request(
                   ^^^^^^^^^^^^^^^^^^^^^^^^^^^^^^^^^^^^^^
  File "/home/airflow/.local/lib/python3.11/site-packages/botocore/validate.py", line 381, in serialize_to_request
    raise ParamValidationError(report=report.generate_report())
botocore.exceptions.ParamValidationError: Parameter validation failed:
Invalid type for parameter Command.ScriptLocation, value: None, type: <class 'NoneType'>, valid types: <class 'str'>
[2026-03-07T22:16:01.135+0000] {taskinstance.py:1206} INFO - Marking task as FAILED. dag_id=sip_and_tint_pipeline, task_id=run_glue_bronze_to_silver, run_id=scheduled__2026-02-23T07:00:00+00:00, execution_date=20260223T070000, start_date=20260307T221600, end_date=20260307T221601
[2026-03-07T22:16:01.150+0000] {standard_task_runner.py:110} ERROR - Failed to execute job 17 for task run_glue_bronze_to_silver (Parameter validation failed:
Invalid type for parameter Command.ScriptLocation, value: None, type: <class 'NoneType'>, valid types: <class 'str'>; 1047)
[2026-03-07T22:16:01.162+0000] {local_task_job_runner.py:240} INFO - Task exited with return code 1
[2026-03-07T22:16:01.178+0000] {taskinstance.py:3498} INFO - 0 downstream tasks scheduled from follow-on schedule check
[2026-03-07T22:16:01.179+0000] {local_task_job_runner.py:222} INFO - ::endgroup::
