[2026-03-07T22:51:16.839+0000] {local_task_job_runner.py:120} INFO - ::group::Pre task execution logs
[2026-03-07T22:51:16.847+0000] {taskinstance.py:2076} INFO - Dependencies all met for dep_context=non-requeueable deps ti=<TaskInstance: sip_and_tint_pipeline.verify_dynamodb scheduled__2026-02-23T07:00:00+00:00 [queued]>
[2026-03-07T22:51:16.850+0000] {taskinstance.py:2076} INFO - Dependencies all met for dep_context=requeueable deps ti=<TaskInstance: sip_and_tint_pipeline.verify_dynamodb scheduled__2026-02-23T07:00:00+00:00 [queued]>
[2026-03-07T22:51:16.850+0000] {taskinstance.py:2306} INFO - Starting attempt 2 of 2
[2026-03-07T22:51:16.856+0000] {taskinstance.py:2330} INFO - Executing <Task(PythonOperator): verify_dynamodb> on 2026-02-23 07:00:00+00:00
[2026-03-07T22:51:16.864+0000] {standard_task_runner.py:63} INFO - Started process 1432 to run task
[2026-03-07T22:51:16.868+0000] {standard_task_runner.py:90} INFO - Running: ['***', 'tasks', 'run', 'sip_and_tint_pipeline', 'verify_dynamodb', 'scheduled__2026-02-23T07:00:00+00:00', '--job-id', '32', '--raw', '--subdir', 'DAGS_FOLDER/sip_and_tint_pipeline.py', '--cfg-path', '/tmp/tmpvvtsv814']
[2026-03-07T22:51:16.871+0000] {standard_task_runner.py:91} INFO - Job 32: Subtask verify_dynamodb
[2026-03-07T22:51:16.928+0000] {task_command.py:426} INFO - Running <TaskInstance: sip_and_tint_pipeline.verify_dynamodb scheduled__2026-02-23T07:00:00+00:00 [running]> on host dedfdfe9c2f3
[2026-03-07T22:51:16.996+0000] {taskinstance.py:2648} INFO - Exporting env vars: AIRFLOW_CTX_DAG_OWNER='sip-and-tint' AIRFLOW_CTX_DAG_ID='sip_and_tint_pipeline' AIRFLOW_CTX_TASK_ID='verify_dynamodb' AIRFLOW_CTX_EXECUTION_DATE='2026-02-23T07:00:00+00:00' AIRFLOW_CTX_TRY_NUMBER='2' AIRFLOW_CTX_DAG_RUN_ID='scheduled__2026-02-23T07:00:00+00:00'
[2026-03-07T22:51:16.998+0000] {taskinstance.py:430} INFO - ::endgroup::
[2026-03-07T22:51:17.016+0000] {base.py:84} INFO - Using connection ID 'aws_default' for task execution.
[2026-03-07T22:51:17.017+0000] {connection_wrapper.py:384} INFO - AWS Connection (conn_id='aws_default', conn_type='aws') credentials retrieved from login and password.
[2026-03-07T22:51:17.341+0000] {taskinstance.py:441} INFO - ::group::Post task execution logs
[2026-03-07T22:51:17.342+0000] {taskinstance.py:2905} ERROR - Task failed with exception
Traceback (most recent call last):
  File "/home/airflow/.local/lib/python3.11/site-packages/airflow/models/taskinstance.py", line 465, in _execute_task
    result = _execute_callable(context=context, **execute_callable_kwargs)
             ^^^^^^^^^^^^^^^^^^^^^^^^^^^^^^^^^^^^^^^^^^^^^^^^^^^^^^^^^^^^^
  File "/home/airflow/.local/lib/python3.11/site-packages/airflow/models/taskinstance.py", line 432, in _execute_callable
    return execute_callable(context=context, **execute_callable_kwargs)
           ^^^^^^^^^^^^^^^^^^^^^^^^^^^^^^^^^^^^^^^^^^^^^^^^^^^^^^^^^^^^
  File "/home/airflow/.local/lib/python3.11/site-packages/airflow/models/baseoperator.py", line 400, in wrapper
    return func(self, *args, **kwargs)
           ^^^^^^^^^^^^^^^^^^^^^^^^^^^
  File "/home/airflow/.local/lib/python3.11/site-packages/airflow/operators/python.py", line 235, in execute
    return_value = self.execute_callable()
                   ^^^^^^^^^^^^^^^^^^^^^^^
  File "/home/airflow/.local/lib/python3.11/site-packages/airflow/operators/python.py", line 252, in execute_callable
    return self.python_callable(*self.op_args, **self.op_kwargs)
           ^^^^^^^^^^^^^^^^^^^^^^^^^^^^^^^^^^^^^^^^^^^^^^^^^^^^^
  File "/opt/airflow/dags/sip_and_tint_pipeline.py", line 58, in verify_dynamodb
    response = client.describe_table(TableName=DYNAMODB_TABLE)
               ^^^^^^^^^^^^^^^^^^^^^
AttributeError: 'dynamodb.ServiceResource' object has no attribute 'describe_table'
[2026-03-07T22:51:17.363+0000] {taskinstance.py:1206} INFO - Marking task as FAILED. dag_id=sip_and_tint_pipeline, task_id=verify_dynamodb, run_id=scheduled__2026-02-23T07:00:00+00:00, execution_date=20260223T070000, start_date=20260307T225116, end_date=20260307T225117
[2026-03-07T22:51:17.372+0000] {standard_task_runner.py:110} ERROR - Failed to execute job 32 for task verify_dynamodb ('dynamodb.ServiceResource' object has no attribute 'describe_table'; 1432)
[2026-03-07T22:51:17.405+0000] {local_task_job_runner.py:240} INFO - Task exited with return code 1
[2026-03-07T22:51:17.430+0000] {taskinstance.py:3498} INFO - 0 downstream tasks scheduled from follow-on schedule check
[2026-03-07T22:51:17.431+0000] {local_task_job_runner.py:222} INFO - ::endgroup::
