[2026-03-07T22:54:39.223+0000] {local_task_job_runner.py:120} INFO - ::group::Pre task execution logs
[2026-03-07T22:54:39.234+0000] {taskinstance.py:2076} INFO - Dependencies all met for dep_context=non-requeueable deps ti=<TaskInstance: sip_and_tint_pipeline.verify_dynamodb scheduled__2026-02-23T07:00:00+00:00 [queued]>
[2026-03-07T22:54:39.238+0000] {taskinstance.py:2076} INFO - Dependencies all met for dep_context=requeueable deps ti=<TaskInstance: sip_and_tint_pipeline.verify_dynamodb scheduled__2026-02-23T07:00:00+00:00 [queued]>
[2026-03-07T22:54:39.238+0000] {taskinstance.py:2306} INFO - Starting attempt 3 of 4
[2026-03-07T22:54:39.245+0000] {taskinstance.py:2330} INFO - Executing <Task(PythonOperator): verify_dynamodb> on 2026-02-23 07:00:00+00:00
[2026-03-07T22:54:39.249+0000] {standard_task_runner.py:63} INFO - Started process 1475 to run task
[2026-03-07T22:54:39.258+0000] {standard_task_runner.py:90} INFO - Running: ['***', 'tasks', 'run', 'sip_and_tint_pipeline', 'verify_dynamodb', 'scheduled__2026-02-23T07:00:00+00:00', '--job-id', '33', '--raw', '--subdir', 'DAGS_FOLDER/sip_and_tint_pipeline.py', '--cfg-path', '/tmp/tmp0xbvqj74']
[2026-03-07T22:54:39.264+0000] {standard_task_runner.py:91} INFO - Job 33: Subtask verify_dynamodb
[2026-03-07T22:54:39.350+0000] {task_command.py:426} INFO - Running <TaskInstance: sip_and_tint_pipeline.verify_dynamodb scheduled__2026-02-23T07:00:00+00:00 [running]> on host dedfdfe9c2f3
[2026-03-07T22:54:39.415+0000] {taskinstance.py:2648} INFO - Exporting env vars: AIRFLOW_CTX_DAG_OWNER='sip-and-tint' AIRFLOW_CTX_DAG_ID='sip_and_tint_pipeline' AIRFLOW_CTX_TASK_ID='verify_dynamodb' AIRFLOW_CTX_EXECUTION_DATE='2026-02-23T07:00:00+00:00' AIRFLOW_CTX_TRY_NUMBER='3' AIRFLOW_CTX_DAG_RUN_ID='scheduled__2026-02-23T07:00:00+00:00'
[2026-03-07T22:54:39.416+0000] {taskinstance.py:430} INFO - ::endgroup::
[2026-03-07T22:54:39.444+0000] {credentials.py:1147} INFO - Found credentials in environment variables.
[2026-03-07T22:54:39.709+0000] {logging_mixin.py:188} INFO - DynamoDB table 'beauty-boba-dev-recommendations' has 771 items
[2026-03-07T22:54:39.710+0000] {logging_mixin.py:188} INFO - ✓ Pipeline complete — 771 recommendations in DynamoDB
[2026-03-07T22:54:39.711+0000] {python.py:237} INFO - Done. Returned value was: 771
[2026-03-07T22:54:39.711+0000] {taskinstance.py:441} INFO - ::group::Post task execution logs
[2026-03-07T22:54:39.734+0000] {taskinstance.py:1206} INFO - Marking task as SUCCESS. dag_id=sip_and_tint_pipeline, task_id=verify_dynamodb, run_id=scheduled__2026-02-23T07:00:00+00:00, execution_date=20260223T070000, start_date=20260307T225439, end_date=20260307T225439
[2026-03-07T22:54:39.772+0000] {local_task_job_runner.py:240} INFO - Task exited with return code 0
[2026-03-07T22:54:39.786+0000] {taskinstance.py:3498} INFO - 0 downstream tasks scheduled from follow-on schedule check
[2026-03-07T22:54:39.787+0000] {local_task_job_runner.py:222} INFO - ::endgroup::
