[2026-03-07T22:46:03.950+0000] {local_task_job_runner.py:120} INFO - ::group::Pre task execution logs
[2026-03-07T22:46:03.957+0000] {taskinstance.py:2076} INFO - Dependencies all met for dep_context=non-requeueable deps ti=<TaskInstance: sip_and_tint_pipeline.run_loader_lambda scheduled__2026-02-23T07:00:00+00:00 [queued]>
[2026-03-07T22:46:03.960+0000] {taskinstance.py:2076} INFO - Dependencies all met for dep_context=requeueable deps ti=<TaskInstance: sip_and_tint_pipeline.run_loader_lambda scheduled__2026-02-23T07:00:00+00:00 [queued]>
[2026-03-07T22:46:03.960+0000] {taskinstance.py:2306} INFO - Starting attempt 1 of 2
[2026-03-07T22:46:03.965+0000] {taskinstance.py:2330} INFO - Executing <Task(LambdaInvokeFunctionOperator): run_loader_lambda> on 2026-02-23 07:00:00+00:00
[2026-03-07T22:46:03.972+0000] {standard_task_runner.py:63} INFO - Started process 1376 to run task
[2026-03-07T22:46:03.974+0000] {standard_task_runner.py:90} INFO - Running: ['***', 'tasks', 'run', 'sip_and_tint_pipeline', 'run_loader_lambda', 'scheduled__2026-02-23T07:00:00+00:00', '--job-id', '29', '--raw', '--subdir', 'DAGS_FOLDER/sip_and_tint_pipeline.py', '--cfg-path', '/tmp/tmp8ztsvuft']
[2026-03-07T22:46:03.976+0000] {standard_task_runner.py:91} INFO - Job 29: Subtask run_loader_lambda
[2026-03-07T22:46:04.002+0000] {task_command.py:426} INFO - Running <TaskInstance: sip_and_tint_pipeline.run_loader_lambda scheduled__2026-02-23T07:00:00+00:00 [running]> on host dedfdfe9c2f3
[2026-03-07T22:46:04.039+0000] {taskinstance.py:2648} INFO - Exporting env vars: AIRFLOW_CTX_DAG_OWNER='sip-and-tint' AIRFLOW_CTX_DAG_ID='sip_and_tint_pipeline' AIRFLOW_CTX_TASK_ID='run_loader_lambda' AIRFLOW_CTX_EXECUTION_DATE='2026-02-23T07:00:00+00:00' AIRFLOW_CTX_TRY_NUMBER='1' AIRFLOW_CTX_DAG_RUN_ID='scheduled__2026-02-23T07:00:00+00:00'
[2026-03-07T22:46:04.039+0000] {taskinstance.py:430} INFO - ::endgroup::
[2026-03-07T22:46:04.045+0000] {lambda_function.py:217} INFO - Invoking AWS Lambda function: beauty-boba-dev-loader with payload: {}
[2026-03-07T22:46:04.051+0000] {base.py:84} INFO - Using connection ID 'aws_default' for task execution.
[2026-03-07T22:46:04.051+0000] {connection_wrapper.py:384} INFO - AWS Connection (conn_id='aws_default', conn_type='aws') credentials retrieved from login and password.
[2026-03-07T22:46:14.435+0000] {lambda_function.py:226} INFO - Lambda response metadata: {'RequestId': '4990fc08-3448-47f8-8624-5a1fd3244e4b', 'HTTPStatusCode': 200, 'HTTPHeaders': {'date': 'Sat, 07 Mar 2026 22:46:14 GMT', 'content-type': 'application/json', 'content-length': '163', 'connection': 'keep-alive', 'x-amzn-requestid': '4990fc08-3448-47f8-8624-5a1fd3244e4b', 'x-amzn-remapped-content-length': '0', 'x-amz-executed-version': '$LATEST', 'x-amzn-trace-id': 'Root=1-69acaaac-5d68514e6b57599b268ab321;Parent=5f48a8ee664e9756;Sampled=0;Lineage=1:7f682755:0'}, 'RetryAttempts': 0}
[2026-03-07T22:46:14.439+0000] {lambda_function.py:250} INFO - Lambda function invocation succeeded: {'RequestId': '4990fc08-3448-47f8-8624-5a1fd3244e4b', 'HTTPStatusCode': 200, 'HTTPHeaders': {'date': 'Sat, 07 Mar 2026 22:46:14 GMT', 'content-type': 'application/json', 'content-length': '163', 'connection': 'keep-alive', 'x-amzn-requestid': '4990fc08-3448-47f8-8624-5a1fd3244e4b', 'x-amzn-remapped-content-length': '0', 'x-amz-executed-version': '$LATEST', 'x-amzn-trace-id': 'Root=1-69acaaac-5d68514e6b57599b268ab321;Parent=5f48a8ee664e9756;Sampled=0;Lineage=1:7f682755:0'}, 'RetryAttempts': 0}
[2026-03-07T22:46:14.440+0000] {taskinstance.py:441} INFO - ::group::Post task execution logs
[2026-03-07T22:46:14.485+0000] {taskinstance.py:1206} INFO - Marking task as SUCCESS. dag_id=sip_and_tint_pipeline, task_id=run_loader_lambda, run_id=scheduled__2026-02-23T07:00:00+00:00, execution_date=20260223T070000, start_date=20260307T224603, end_date=20260307T224614
[2026-03-07T22:46:14.530+0000] {local_task_job_runner.py:240} INFO - Task exited with return code 0
[2026-03-07T22:46:14.554+0000] {taskinstance.py:3498} INFO - 0 downstream tasks scheduled from follow-on schedule check
[2026-03-07T22:46:14.555+0000] {local_task_job_runner.py:222} INFO - ::endgroup::
