[2026-03-07T22:56:52.834+0000] {local_task_job_runner.py:120} INFO - ::group::Pre task execution logs
[2026-03-07T22:56:52.848+0000] {taskinstance.py:2076} INFO - Dependencies all met for dep_context=non-requeueable deps ti=<TaskInstance: sip_and_tint_pipeline.run_similarity_lambda manual__2026-03-07T21:04:28.066688+00:00 [queued]>
[2026-03-07T22:56:52.853+0000] {taskinstance.py:2076} INFO - Dependencies all met for dep_context=requeueable deps ti=<TaskInstance: sip_and_tint_pipeline.run_similarity_lambda manual__2026-03-07T21:04:28.066688+00:00 [queued]>
[2026-03-07T22:56:52.854+0000] {taskinstance.py:2306} INFO - Starting attempt 1 of 2
[2026-03-07T22:56:52.858+0000] {taskinstance.py:2330} INFO - Executing <Task(LambdaInvokeFunctionOperator): run_similarity_lambda> on 2026-03-07 21:04:28.066688+00:00
[2026-03-07T22:56:52.862+0000] {standard_task_runner.py:63} INFO - Started process 1501 to run task
[2026-03-07T22:56:52.864+0000] {standard_task_runner.py:90} INFO - Running: ['***', 'tasks', 'run', 'sip_and_tint_pipeline', 'run_similarity_lambda', 'manual__2026-03-07T21:04:28.066688+00:00', '--job-id', '36', '--raw', '--subdir', 'DAGS_FOLDER/sip_and_tint_pipeline.py', '--cfg-path', '/tmp/tmp2fq860gj']
[2026-03-07T22:56:52.866+0000] {standard_task_runner.py:91} INFO - Job 36: Subtask run_similarity_lambda
[2026-03-07T22:56:52.906+0000] {task_command.py:426} INFO - Running <TaskInstance: sip_and_tint_pipeline.run_similarity_lambda manual__2026-03-07T21:04:28.066688+00:00 [running]> on host dedfdfe9c2f3
[2026-03-07T22:56:52.963+0000] {taskinstance.py:2648} INFO - Exporting env vars: AIRFLOW_CTX_DAG_OWNER='sip-and-tint' AIRFLOW_CTX_DAG_ID='sip_and_tint_pipeline' AIRFLOW_CTX_TASK_ID='run_similarity_lambda' AIRFLOW_CTX_EXECUTION_DATE='2026-03-07T21:04:28.066688+00:00' AIRFLOW_CTX_TRY_NUMBER='1' AIRFLOW_CTX_DAG_RUN_ID='manual__2026-03-07T21:04:28.066688+00:00'
[2026-03-07T22:56:52.964+0000] {taskinstance.py:430} INFO - ::endgroup::
[2026-03-07T22:56:52.972+0000] {lambda_function.py:217} INFO - Invoking AWS Lambda function: beauty-boba-dev-similarity with payload: {}
[2026-03-07T22:56:52.978+0000] {base.py:84} INFO - Using connection ID 'aws_default' for task execution.
[2026-03-07T22:56:52.978+0000] {connection_wrapper.py:384} INFO - AWS Connection (conn_id='aws_default', conn_type='aws') credentials retrieved from login and password.
[2026-03-07T22:56:59.452+0000] {lambda_function.py:226} INFO - Lambda response metadata: {'RequestId': '42790568-7c17-4c8d-8e7d-fb16d5a7a2ee', 'HTTPStatusCode': 200, 'HTTPHeaders': {'date': 'Sat, 07 Mar 2026 22:56:59 GMT', 'content-type': 'application/json', 'content-length': '172', 'connection': 'keep-alive', 'x-amzn-requestid': '42790568-7c17-4c8d-8e7d-fb16d5a7a2ee', 'x-amzn-remapped-content-length': '0', 'x-amz-executed-version': '$LATEST', 'x-amzn-trace-id': 'Root=1-69acad35-3ed510b27a31cd492d9fd09c;Parent=48b22f6ab0f8f7a4;Sampled=0;Lineage=1:d077cc84:0'}, 'RetryAttempts': 0}
[2026-03-07T22:56:59.461+0000] {lambda_function.py:250} INFO - Lambda function invocation succeeded: {'RequestId': '42790568-7c17-4c8d-8e7d-fb16d5a7a2ee', 'HTTPStatusCode': 200, 'HTTPHeaders': {'date': 'Sat, 07 Mar 2026 22:56:59 GMT', 'content-type': 'application/json', 'content-length': '172', 'connection': 'keep-alive', 'x-amzn-requestid': '42790568-7c17-4c8d-8e7d-fb16d5a7a2ee', 'x-amzn-remapped-content-length': '0', 'x-amz-executed-version': '$LATEST', 'x-amzn-trace-id': 'Root=1-69acad35-3ed510b27a31cd492d9fd09c;Parent=48b22f6ab0f8f7a4;Sampled=0;Lineage=1:d077cc84:0'}, 'RetryAttempts': 0}
[2026-03-07T22:56:59.463+0000] {taskinstance.py:441} INFO - ::group::Post task execution logs
[2026-03-07T22:56:59.530+0000] {taskinstance.py:1206} INFO - Marking task as SUCCESS. dag_id=sip_and_tint_pipeline, task_id=run_similarity_lambda, run_id=manual__2026-03-07T21:04:28.066688+00:00, execution_date=20260307T210428, start_date=20260307T225652, end_date=20260307T225659
[2026-03-07T22:56:59.559+0000] {local_task_job_runner.py:240} INFO - Task exited with return code 0
[2026-03-07T22:56:59.584+0000] {taskinstance.py:3498} INFO - 1 downstream tasks scheduled from follow-on schedule check
[2026-03-07T22:56:59.585+0000] {local_task_job_runner.py:222} INFO - ::endgroup::
