[2026-03-07T22:57:00.901+0000] {local_task_job_runner.py:120} INFO - ::group::Pre task execution logs
[2026-03-07T22:57:00.909+0000] {taskinstance.py:2076} INFO - Dependencies all met for dep_context=non-requeueable deps ti=<TaskInstance: sip_and_tint_pipeline.run_loader_lambda manual__2026-03-07T21:04:28.066688+00:00 [queued]>
[2026-03-07T22:57:00.913+0000] {taskinstance.py:2076} INFO - Dependencies all met for dep_context=requeueable deps ti=<TaskInstance: sip_and_tint_pipeline.run_loader_lambda manual__2026-03-07T21:04:28.066688+00:00 [queued]>
[2026-03-07T22:57:00.913+0000] {taskinstance.py:2306} INFO - Starting attempt 1 of 2
[2026-03-07T22:57:00.920+0000] {taskinstance.py:2330} INFO - Executing <Task(LambdaInvokeFunctionOperator): run_loader_lambda> on 2026-03-07 21:04:28.066688+00:00
[2026-03-07T22:57:00.927+0000] {standard_task_runner.py:63} INFO - Started process 1503 to run task
[2026-03-07T22:57:00.933+0000] {standard_task_runner.py:90} INFO - Running: ['***', 'tasks', 'run', 'sip_and_tint_pipeline', 'run_loader_lambda', 'manual__2026-03-07T21:04:28.066688+00:00', '--job-id', '37', '--raw', '--subdir', 'DAGS_FOLDER/sip_and_tint_pipeline.py', '--cfg-path', '/tmp/tmp1l25cj30']
[2026-03-07T22:57:00.940+0000] {standard_task_runner.py:91} INFO - Job 37: Subtask run_loader_lambda
[2026-03-07T22:57:00.984+0000] {task_command.py:426} INFO - Running <TaskInstance: sip_and_tint_pipeline.run_loader_lambda manual__2026-03-07T21:04:28.066688+00:00 [running]> on host dedfdfe9c2f3
[2026-03-07T22:57:01.047+0000] {taskinstance.py:2648} INFO - Exporting env vars: AIRFLOW_CTX_DAG_OWNER='sip-and-tint' AIRFLOW_CTX_DAG_ID='sip_and_tint_pipeline' AIRFLOW_CTX_TASK_ID='run_loader_lambda' AIRFLOW_CTX_EXECUTION_DATE='2026-03-07T21:04:28.066688+00:00' AIRFLOW_CTX_TRY_NUMBER='1' AIRFLOW_CTX_DAG_RUN_ID='manual__2026-03-07T21:04:28.066688+00:00'
[2026-03-07T22:57:01.048+0000] {taskinstance.py:430} INFO - ::endgroup::
[2026-03-07T22:57:01.054+0000] {lambda_function.py:217} INFO - Invoking AWS Lambda function: beauty-boba-dev-loader with payload: {}
[2026-03-07T22:57:01.061+0000] {base.py:84} INFO - Using connection ID 'aws_default' for task execution.
[2026-03-07T22:57:01.061+0000] {connection_wrapper.py:384} INFO - AWS Connection (conn_id='aws_default', conn_type='aws') credentials retrieved from login and password.
[2026-03-07T22:57:11.220+0000] {lambda_function.py:226} INFO - Lambda response metadata: {'RequestId': '6f0daf05-3d10-4a66-8c19-008ce3baf240', 'HTTPStatusCode': 200, 'HTTPHeaders': {'date': 'Sat, 07 Mar 2026 22:57:10 GMT', 'content-type': 'application/json', 'content-length': '163', 'connection': 'keep-alive', 'x-amzn-requestid': '6f0daf05-3d10-4a66-8c19-008ce3baf240', 'x-amzn-remapped-content-length': '0', 'x-amz-executed-version': '$LATEST', 'x-amzn-trace-id': 'Root=1-69acad3d-35a3ee9328d04f3405cf113c;Parent=50dc31b322a09e56;Sampled=0;Lineage=1:7f682755:0'}, 'RetryAttempts': 0}
[2026-03-07T22:57:11.224+0000] {lambda_function.py:250} INFO - Lambda function invocation succeeded: {'RequestId': '6f0daf05-3d10-4a66-8c19-008ce3baf240', 'HTTPStatusCode': 200, 'HTTPHeaders': {'date': 'Sat, 07 Mar 2026 22:57:10 GMT', 'content-type': 'application/json', 'content-length': '163', 'connection': 'keep-alive', 'x-amzn-requestid': '6f0daf05-3d10-4a66-8c19-008ce3baf240', 'x-amzn-remapped-content-length': '0', 'x-amz-executed-version': '$LATEST', 'x-amzn-trace-id': 'Root=1-69acad3d-35a3ee9328d04f3405cf113c;Parent=50dc31b322a09e56;Sampled=0;Lineage=1:7f682755:0'}, 'RetryAttempts': 0}
[2026-03-07T22:57:11.225+0000] {taskinstance.py:441} INFO - ::group::Post task execution logs
[2026-03-07T22:57:11.268+0000] {taskinstance.py:1206} INFO - Marking task as SUCCESS. dag_id=sip_and_tint_pipeline, task_id=run_loader_lambda, run_id=manual__2026-03-07T21:04:28.066688+00:00, execution_date=20260307T210428, start_date=20260307T225700, end_date=20260307T225711
[2026-03-07T22:57:11.322+0000] {local_task_job_runner.py:240} INFO - Task exited with return code 0
[2026-03-07T22:57:11.346+0000] {taskinstance.py:3498} INFO - 1 downstream tasks scheduled from follow-on schedule check
[2026-03-07T22:57:11.347+0000] {local_task_job_runner.py:222} INFO - ::endgroup::
