[2026-03-07T22:19:00.287+0000] {local_task_job_runner.py:120} INFO - ::group::Pre task execution logs
[2026-03-07T22:19:00.295+0000] {taskinstance.py:2076} INFO - Dependencies all met for dep_context=non-requeueable deps ti=<TaskInstance: sip_and_tint_pipeline.run_glue_bronze_to_silver manual__2026-03-07T21:04:28.066688+00:00 [queued]>
[2026-03-07T22:19:00.298+0000] {taskinstance.py:2076} INFO - Dependencies all met for dep_context=requeueable deps ti=<TaskInstance: sip_and_tint_pipeline.run_glue_bronze_to_silver manual__2026-03-07T21:04:28.066688+00:00 [queued]>
[2026-03-07T22:19:00.298+0000] {taskinstance.py:2306} INFO - Starting attempt 5 of 6
[2026-03-07T22:19:00.303+0000] {taskinstance.py:2330} INFO - Executing <Task(GlueJobOperator): run_glue_bronze_to_silver> on 2026-03-07 21:04:28.066688+00:00
[2026-03-07T22:19:00.308+0000] {standard_task_runner.py:90} INFO - Running: ['***', 'tasks', 'run', 'sip_and_tint_pipeline', 'run_glue_bronze_to_silver', 'manual__2026-03-07T21:04:28.066688+00:00', '--job-id', '18', '--raw', '--subdir', 'DAGS_FOLDER/sip_and_tint_pipeline.py', '--cfg-path', '/tmp/tmppvf28d68']
[2026-03-07T22:19:00.310+0000] {standard_task_runner.py:91} INFO - Job 18: Subtask run_glue_bronze_to_silver
[2026-03-07T22:19:00.306+0000] {standard_task_runner.py:63} INFO - Started process 1084 to run task
[2026-03-07T22:19:00.347+0000] {task_command.py:426} INFO - Running <TaskInstance: sip_and_tint_pipeline.run_glue_bronze_to_silver manual__2026-03-07T21:04:28.066688+00:00 [running]> on host dedfdfe9c2f3
[2026-03-07T22:19:00.411+0000] {taskinstance.py:2648} INFO - Exporting env vars: AIRFLOW_CTX_DAG_OWNER='sip-and-tint' AIRFLOW_CTX_DAG_ID='sip_and_tint_pipeline' AIRFLOW_CTX_TASK_ID='run_glue_bronze_to_silver' AIRFLOW_CTX_EXECUTION_DATE='2026-03-07T21:04:28.066688+00:00' AIRFLOW_CTX_TRY_NUMBER='5' AIRFLOW_CTX_DAG_RUN_ID='manual__2026-03-07T21:04:28.066688+00:00'
[2026-03-07T22:19:00.411+0000] {taskinstance.py:430} INFO - ::endgroup::
[2026-03-07T22:19:00.421+0000] {glue.py:173} INFO - Initializing AWS Glue Job: beauty-boba-dev-bronze-to-silver. Wait for completion: False
[2026-03-07T22:19:00.422+0000] {glue.py:364} INFO - Checking if job already exists: beauty-boba-dev-bronze-to-silver
[2026-03-07T22:19:00.427+0000] {base.py:84} INFO - Using connection ID 'aws_default' for task execution.
[2026-03-07T22:19:00.428+0000] {connection_wrapper.py:384} INFO - AWS Connection (conn_id='aws_default', conn_type='aws') credentials retrieved from login and password.
[2026-03-07T22:19:01.188+0000] {glue.py:194} INFO - You can monitor this Glue Job run at: https://console.aws.amazon.com/gluestudio/home?region=eu-central-1#/job/beauty-boba-dev-bronze-to-silver/run/jr_83ae5456ee515098e73b8cc6f27a1adb3bdfcfce9f2534e3b461f4d92cd126bb
[2026-03-07T22:19:01.189+0000] {glue.py:216} INFO - AWS Glue Job: beauty-boba-dev-bronze-to-silver. Run Id: jr_83ae5456ee515098e73b8cc6f27a1adb3bdfcfce9f2534e3b461f4d92cd126bb
[2026-03-07T22:19:01.189+0000] {taskinstance.py:441} INFO - ::group::Post task execution logs
[2026-03-07T22:19:01.207+0000] {taskinstance.py:1206} INFO - Marking task as SUCCESS. dag_id=sip_and_tint_pipeline, task_id=run_glue_bronze_to_silver, run_id=manual__2026-03-07T21:04:28.066688+00:00, execution_date=20260307T210428, start_date=20260307T221900, end_date=20260307T221901
[2026-03-07T22:19:01.266+0000] {local_task_job_runner.py:240} INFO - Task exited with return code 0
[2026-03-07T22:19:01.474+0000] {taskinstance.py:3498} INFO - 1 downstream tasks scheduled from follow-on schedule check
[2026-03-07T22:19:01.482+0000] {local_task_job_runner.py:222} INFO - ::endgroup::
