[2026-03-07T22:30:12.416+0000] {local_task_job_runner.py:120} INFO - ::group::Pre task execution logs
[2026-03-07T22:30:12.423+0000] {taskinstance.py:2076} INFO - Dependencies all met for dep_context=non-requeueable deps ti=<TaskInstance: sip_and_tint_pipeline.wait_for_glue scheduled__2026-02-23T07:00:00+00:00 [queued]>
[2026-03-07T22:30:12.426+0000] {taskinstance.py:2076} INFO - Dependencies all met for dep_context=requeueable deps ti=<TaskInstance: sip_and_tint_pipeline.wait_for_glue scheduled__2026-02-23T07:00:00+00:00 [queued]>
[2026-03-07T22:30:12.426+0000] {taskinstance.py:2306} INFO - Starting attempt 2 of 2
[2026-03-07T22:30:12.431+0000] {taskinstance.py:2330} INFO - Executing <Task(GlueJobSensor): wait_for_glue> on 2026-02-23 07:00:00+00:00
[2026-03-07T22:30:12.434+0000] {standard_task_runner.py:63} INFO - Started process 1206 to run task
[2026-03-07T22:30:12.440+0000] {standard_task_runner.py:90} INFO - Running: ['***', 'tasks', 'run', 'sip_and_tint_pipeline', 'wait_for_glue', 'scheduled__2026-02-23T07:00:00+00:00', '--job-id', '24', '--raw', '--subdir', 'DAGS_FOLDER/sip_and_tint_pipeline.py', '--cfg-path', '/tmp/tmpga6jb5c_']
[2026-03-07T22:30:12.443+0000] {standard_task_runner.py:91} INFO - Job 24: Subtask wait_for_glue
[2026-03-07T22:30:12.482+0000] {task_command.py:426} INFO - Running <TaskInstance: sip_and_tint_pipeline.wait_for_glue scheduled__2026-02-23T07:00:00+00:00 [running]> on host dedfdfe9c2f3
[2026-03-07T22:30:12.576+0000] {taskinstance.py:2648} INFO - Exporting env vars: AIRFLOW_CTX_DAG_OWNER='sip-and-tint' AIRFLOW_CTX_DAG_ID='sip_and_tint_pipeline' AIRFLOW_CTX_TASK_ID='wait_for_glue' AIRFLOW_CTX_EXECUTION_DATE='2026-02-23T07:00:00+00:00' AIRFLOW_CTX_TRY_NUMBER='2' AIRFLOW_CTX_DAG_RUN_ID='scheduled__2026-02-23T07:00:00+00:00'
[2026-03-07T22:30:12.577+0000] {taskinstance.py:430} INFO - ::endgroup::
[2026-03-07T22:30:12.600+0000] {glue.py:71} INFO - Poking for job run status :for Glue Job beauty-boba-dev-bronze-to-silver and ID jr_cfd6f599926ee71756905c0494f2f7c1cceed053d30ac0b262c056cd1df3108f
[2026-03-07T22:30:12.605+0000] {base.py:84} INFO - Using connection ID 'aws_default' for task execution.
[2026-03-07T22:30:12.606+0000] {connection_wrapper.py:384} INFO - AWS Connection (conn_id='aws_default', conn_type='aws') credentials retrieved from login and password.
[2026-03-07T22:30:12.967+0000] {glue.py:80} INFO - ('Exiting Job %s Run State: %s', 'jr_cfd6f599926ee71756905c0494f2f7c1cceed053d30ac0b262c056cd1df3108f', 'FAILED')
[2026-03-07T22:30:12.968+0000] {taskinstance.py:441} INFO - ::group::Post task execution logs
[2026-03-07T22:30:12.978+0000] {taskinstance.py:2905} ERROR - Task failed with exception
Traceback (most recent call last):
  File "/home/airflow/.local/lib/python3.11/site-packages/airflow/models/taskinstance.py", line 465, in _execute_task
    result = _execute_callable(context=context, **execute_callable_kwargs)
             ^^^^^^^^^^^^^^^^^^^^^^^^^^^^^^^^^^^^^^^^^^^^^^^^^^^^^^^^^^^^^
  File "/home/airflow/.local/lib/python3.11/site-packages/airflow/models/taskinstance.py", line 432, in _execute_callable
    return execute_callable(context=context, **execute_callable_kwargs)
           ^^^^^^^^^^^^^^^^^^^^^^^^^^^^^^^^^^^^^^^^^^^^^^^^^^^^^^^^^^^^
  File "/home/airflow/.local/lib/python3.11/site-packages/airflow/models/baseoperator.py", line 400, in wrapper
    return func(self, *args, **kwargs)
           ^^^^^^^^^^^^^^^^^^^^^^^^^^^
  File "/home/airflow/.local/lib/python3.11/site-packages/airflow/sensors/base.py", line 264, in execute
    raise e
  File "/home/airflow/.local/lib/python3.11/site-packages/airflow/sensors/base.py", line 246, in execute
    poke_return = self.poke(context)
                  ^^^^^^^^^^^^^^^^^^
  File "/home/airflow/.local/lib/python3.11/site-packages/airflow/providers/amazon/aws/sensors/glue.py", line 84, in poke
    raise AirflowException(job_error_message)
airflow.exceptions.AirflowException: ('Exiting Job %s Run State: %s', 'jr_cfd6f599926ee71756905c0494f2f7c1cceed053d30ac0b262c056cd1df3108f', 'FAILED')
[2026-03-07T22:30:12.980+0000] {taskinstance.py:1206} INFO - Marking task as FAILED. dag_id=sip_and_tint_pipeline, task_id=wait_for_glue, run_id=scheduled__2026-02-23T07:00:00+00:00, execution_date=20260223T070000, start_date=20260307T223012, end_date=20260307T223012
[2026-03-07T22:30:12.987+0000] {standard_task_runner.py:110} ERROR - Failed to execute job 24 for task wait_for_glue (('Exiting Job %s Run State: %s', 'jr_cfd6f599926ee71756905c0494f2f7c1cceed053d30ac0b262c056cd1df3108f', 'FAILED'); 1206)
[2026-03-07T22:30:13.030+0000] {local_task_job_runner.py:240} INFO - Task exited with return code 1
[2026-03-07T22:30:13.048+0000] {taskinstance.py:3498} INFO - 0 downstream tasks scheduled from follow-on schedule check
[2026-03-07T22:30:13.050+0000] {local_task_job_runner.py:222} INFO - ::endgroup::
