[2026-03-07T22:57:11.982+0000] {local_task_job_runner.py:120} INFO - ::group::Pre task execution logs
[2026-03-07T22:57:11.990+0000] {taskinstance.py:2076} INFO - Dependencies all met for dep_context=non-requeueable deps ti=<TaskInstance: sip_and_tint_pipeline.verify_dynamodb manual__2026-03-07T21:04:28.066688+00:00 [queued]>
[2026-03-07T22:57:11.993+0000] {taskinstance.py:2076} INFO - Dependencies all met for dep_context=requeueable deps ti=<TaskInstance: sip_and_tint_pipeline.verify_dynamodb manual__2026-03-07T21:04:28.066688+00:00 [queued]>
[2026-03-07T22:57:11.993+0000] {taskinstance.py:2306} INFO - Starting attempt 1 of 2
[2026-03-07T22:57:11.998+0000] {taskinstance.py:2330} INFO - Executing <Task(PythonOperator): verify_dynamodb> on 2026-03-07 21:04:28.066688+00:00
[2026-03-07T22:57:12.003+0000] {standard_task_runner.py:63} INFO - Started process 1510 to run task
[2026-03-07T22:57:12.005+0000] {standard_task_runner.py:90} INFO - Running: ['***', 'tasks', 'run', 'sip_and_tint_pipeline', 'verify_dynamodb', 'manual__2026-03-07T21:04:28.066688+00:00', '--job-id', '38', '--raw', '--subdir', 'DAGS_FOLDER/sip_and_tint_pipeline.py', '--cfg-path', '/tmp/tmpssz_qn3r']
[2026-03-07T22:57:12.007+0000] {standard_task_runner.py:91} INFO - Job 38: Subtask verify_dynamodb
[2026-03-07T22:57:12.054+0000] {task_command.py:426} INFO - Running <TaskInstance: sip_and_tint_pipeline.verify_dynamodb manual__2026-03-07T21:04:28.066688+00:00 [running]> on host dedfdfe9c2f3
[2026-03-07T22:57:12.110+0000] {taskinstance.py:2648} INFO - Exporting env vars: AIRFLOW_CTX_DAG_OWNER='sip-and-tint' AIRFLOW_CTX_DAG_ID='sip_and_tint_pipeline' AIRFLOW_CTX_TASK_ID='verify_dynamodb' AIRFLOW_CTX_EXECUTION_DATE='2026-03-07T21:04:28.066688+00:00' AIRFLOW_CTX_TRY_NUMBER='1' AIRFLOW_CTX_DAG_RUN_ID='manual__2026-03-07T21:04:28.066688+00:00'
[2026-03-07T22:57:12.110+0000] {taskinstance.py:430} INFO - ::endgroup::
[2026-03-07T22:57:12.128+0000] {credentials.py:1147} INFO - Found credentials in environment variables.
[2026-03-07T22:57:12.363+0000] {logging_mixin.py:188} INFO - DynamoDB table 'beauty-boba-dev-recommendations' has 771 items
[2026-03-07T22:57:12.363+0000] {logging_mixin.py:188} INFO - ✓ Pipeline complete — 771 recommendations in DynamoDB
[2026-03-07T22:57:12.365+0000] {python.py:237} INFO - Done. Returned value was: 771
[2026-03-07T22:57:12.366+0000] {taskinstance.py:441} INFO - ::group::Post task execution logs
[2026-03-07T22:57:12.387+0000] {taskinstance.py:1206} INFO - Marking task as SUCCESS. dag_id=sip_and_tint_pipeline, task_id=verify_dynamodb, run_id=manual__2026-03-07T21:04:28.066688+00:00, execution_date=20260307T210428, start_date=20260307T225711, end_date=20260307T225712
[2026-03-07T22:57:12.403+0000] {local_task_job_runner.py:240} INFO - Task exited with return code 0
[2026-03-07T22:57:12.419+0000] {taskinstance.py:3498} INFO - 0 downstream tasks scheduled from follow-on schedule check
[2026-03-07T22:57:12.420+0000] {local_task_job_runner.py:222} INFO - ::endgroup::
