[2026-03-07T22:45:57.138+0000] {local_task_job_runner.py:120} INFO - ::group::Pre task execution logs
[2026-03-07T22:45:57.148+0000] {taskinstance.py:2076} INFO - Dependencies all met for dep_context=non-requeueable deps ti=<TaskInstance: sip_and_tint_pipeline.run_similarity_lambda scheduled__2026-02-23T07:00:00+00:00 [queued]>
[2026-03-07T22:45:57.153+0000] {taskinstance.py:2076} INFO - Dependencies all met for dep_context=requeueable deps ti=<TaskInstance: sip_and_tint_pipeline.run_similarity_lambda scheduled__2026-02-23T07:00:00+00:00 [queued]>
[2026-03-07T22:45:57.153+0000] {taskinstance.py:2306} INFO - Starting attempt 1 of 2
[2026-03-07T22:45:57.160+0000] {taskinstance.py:2330} INFO - Executing <Task(LambdaInvokeFunctionOperator): run_similarity_lambda> on 2026-02-23 07:00:00+00:00
[2026-03-07T22:45:57.165+0000] {standard_task_runner.py:63} INFO - Started process 1369 to run task
[2026-03-07T22:45:57.168+0000] {standard_task_runner.py:90} INFO - Running: ['***', 'tasks', 'run', 'sip_and_tint_pipeline', 'run_similarity_lambda', 'scheduled__2026-02-23T07:00:00+00:00', '--job-id', '28', '--raw', '--subdir', 'DAGS_FOLDER/sip_and_tint_pipeline.py', '--cfg-path', '/tmp/tmp56ei_5q5']
[2026-03-07T22:45:57.171+0000] {standard_task_runner.py:91} INFO - Job 28: Subtask run_similarity_lambda
[2026-03-07T22:45:57.218+0000] {task_command.py:426} INFO - Running <TaskInstance: sip_and_tint_pipeline.run_similarity_lambda scheduled__2026-02-23T07:00:00+00:00 [running]> on host dedfdfe9c2f3
[2026-03-07T22:45:57.268+0000] {taskinstance.py:2648} INFO - Exporting env vars: AIRFLOW_CTX_DAG_OWNER='sip-and-tint' AIRFLOW_CTX_DAG_ID='sip_and_tint_pipeline' AIRFLOW_CTX_TASK_ID='run_similarity_lambda' AIRFLOW_CTX_EXECUTION_DATE='2026-02-23T07:00:00+00:00' AIRFLOW_CTX_TRY_NUMBER='1' AIRFLOW_CTX_DAG_RUN_ID='scheduled__2026-02-23T07:00:00+00:00'
[2026-03-07T22:45:57.269+0000] {taskinstance.py:430} INFO - ::endgroup::
[2026-03-07T22:45:57.278+0000] {lambda_function.py:217} INFO - Invoking AWS Lambda function: beauty-boba-dev-similarity with payload: {}
[2026-03-07T22:45:57.284+0000] {base.py:84} INFO - Using connection ID 'aws_default' for task execution.
[2026-03-07T22:45:57.284+0000] {connection_wrapper.py:384} INFO - AWS Connection (conn_id='aws_default', conn_type='aws') credentials retrieved from login and password.
[2026-03-07T22:46:02.896+0000] {lambda_function.py:226} INFO - Lambda response metadata: {'RequestId': '1315fae9-825c-43f1-9c1c-6e0a82fc1193', 'HTTPStatusCode': 200, 'HTTPHeaders': {'date': 'Sat, 07 Mar 2026 22:46:02 GMT', 'content-type': 'application/json', 'content-length': '172', 'connection': 'keep-alive', 'x-amzn-requestid': '1315fae9-825c-43f1-9c1c-6e0a82fc1193', 'x-amzn-remapped-content-length': '0', 'x-amz-executed-version': '$LATEST', 'x-amzn-trace-id': 'Root=1-69acaaa5-7d0a146922eaec0c46bc6786;Parent=6a2234be1300448d;Sampled=0;Lineage=1:d077cc84:0'}, 'RetryAttempts': 0}
[2026-03-07T22:46:02.908+0000] {lambda_function.py:250} INFO - Lambda function invocation succeeded: {'RequestId': '1315fae9-825c-43f1-9c1c-6e0a82fc1193', 'HTTPStatusCode': 200, 'HTTPHeaders': {'date': 'Sat, 07 Mar 2026 22:46:02 GMT', 'content-type': 'application/json', 'content-length': '172', 'connection': 'keep-alive', 'x-amzn-requestid': '1315fae9-825c-43f1-9c1c-6e0a82fc1193', 'x-amzn-remapped-content-length': '0', 'x-amz-executed-version': '$LATEST', 'x-amzn-trace-id': 'Root=1-69acaaa5-7d0a146922eaec0c46bc6786;Parent=6a2234be1300448d;Sampled=0;Lineage=1:d077cc84:0'}, 'RetryAttempts': 0}
[2026-03-07T22:46:02.909+0000] {taskinstance.py:441} INFO - ::group::Post task execution logs
[2026-03-07T22:46:02.954+0000] {taskinstance.py:1206} INFO - Marking task as SUCCESS. dag_id=sip_and_tint_pipeline, task_id=run_similarity_lambda, run_id=scheduled__2026-02-23T07:00:00+00:00, execution_date=20260223T070000, start_date=20260307T224557, end_date=20260307T224602
[2026-03-07T22:46:03.000+0000] {local_task_job_runner.py:240} INFO - Task exited with return code 0
[2026-03-07T22:46:03.019+0000] {taskinstance.py:3498} INFO - 1 downstream tasks scheduled from follow-on schedule check
[2026-03-07T22:46:03.020+0000] {local_task_job_runner.py:222} INFO - ::endgroup::
